2025-10-21 15:52:29,976 - INFO - üñ®Ô∏è Print request received
2025-10-21 15:52:29,978 - INFO -    Type: html
2025-10-21 15:52:29,982 - INFO -    Printer: Banak
2025-10-21 15:52:30,013 - INFO - Printing to: BANAK (Status: Ready)
2025-10-21 15:52:30,015 - INFO - üìÑ Converting HTML to PDF...
2025-10-21 15:52:30,023 - INFO - üñ®Ô∏è Print request received
2025-10-21 15:52:30,022 - INFO -    HTML length: 4479 characters
2025-10-21 15:52:30,025 - INFO -    Type: html
2025-10-21 15:52:30,049 - INFO -    Printer: Banak
2025-10-21 15:52:30,095 - INFO - Printing to: BANAK (Status: Ready)
2025-10-21 15:52:30,099 - INFO - Using PDF converter: wkhtmltopdf
2025-10-21 15:52:30,097 - INFO - üìÑ Converting HTML to PDF...
2025-10-21 15:52:30,099 - INFO - üîß Attempting wkhtmltopdf conversion...
2025-10-21 15:52:30,111 - INFO -    HTML length: 4479 characters
2025-10-21 15:52:30,121 - INFO - üì¶ Running as PyInstaller bundle
2025-10-21 15:52:30,131 - INFO -    Executable dir: C:\Users\user\Desktop\ParidBackend\PrinterClientPro\Windows-Printer-Client\dist
2025-10-21 15:52:30,146 - INFO -    Temp extract dir: C:\Users\user\AppData\Local\Temp\_MEI84442
2025-10-21 15:52:30,162 - INFO - Using PDF converter: wkhtmltopdf
2025-10-21 15:52:30,157 - INFO - üîç Searching for wkhtmltopdf.exe in 5 locations...
2025-10-21 15:52:30,163 - INFO - üîß Attempting wkhtmltopdf conversion...
2025-10-21 15:52:30,169 - INFO -    Checking: C:\Users\user\AppData\Local\Temp\_MEI84442\wkhtmltopdf.exe
2025-10-21 15:52:30,176 - INFO - üì¶ Running as PyInstaller bundle
2025-10-21 15:52:30,180 - INFO -    ‚ùå Not found
2025-10-21 15:52:30,191 - INFO -    Executable dir: C:\Users\user\Desktop\ParidBackend\PrinterClientPro\Windows-Printer-Client\dist
2025-10-21 15:52:30,200 - INFO -    Checking: C:\Users\user\Desktop\ParidBackend\PrinterClientPro\Windows-Printer-Client\dist\wkhtmltopdf.exe
2025-10-21 15:52:30,205 - INFO -    Temp extract dir: C:\Users\user\AppData\Local\Temp\_MEI213682
2025-10-21 15:52:30,210 - INFO - ‚úÖ Found wkhtmltopdf at: C:\Users\user\Desktop\ParidBackend\PrinterClientPro\Windows-Printer-Client\dist\wkhtmltopdf.exe
2025-10-21 15:52:30,221 - INFO - üîç Searching for wkhtmltopdf.exe in 5 locations...
2025-10-21 15:52:30,236 - INFO -    Checking: C:\Users\user\AppData\Local\Temp\_MEI213682\wkhtmltopdf.exe
2025-10-21 15:52:30,247 - INFO -    ‚ùå Not found
2025-10-21 15:52:30,252 - INFO -    Checking: C:\Users\user\Desktop\ParidBackend\PrinterClientPro\Windows-Printer-Client\dist\wkhtmltopdf.exe
2025-10-21 15:52:30,258 - INFO - ‚úÖ Found wkhtmltopdf at: C:\Users\user\Desktop\ParidBackend\PrinterClientPro\Windows-Printer-Client\dist\wkhtmltopdf.exe
2025-10-21 15:52:31,184 - INFO - HTML converted to PDF with wkhtmltopdf: C:\Users\user\AppData\Local\Temp\tmpdp2hcey8.pdf
2025-10-21 15:52:31,185 - INFO - HTML converted to PDF with wkhtmltopdf: C:\Users\user\AppData\Local\Temp\tmpud5dbs4m.pdf
2025-10-21 15:52:31,185 - INFO - ‚úÖ wkhtmltopdf conversion successful: C:\Users\user\AppData\Local\Temp\tmpud5dbs4m.pdf
2025-10-21 15:52:31,186 - INFO - ‚úÖ wkhtmltopdf conversion successful: C:\Users\user\AppData\Local\Temp\tmpdp2hcey8.pdf
2025-10-21 15:52:31,197 - INFO - ‚úÖ PDF created: C:\Users\user\AppData\Local\Temp\tmpdp2hcey8.pdf (19299 bytes)
2025-10-21 15:52:31,197 - INFO - ‚úÖ PDF created: C:\Users\user\AppData\Local\Temp\tmpud5dbs4m.pdf (19299 bytes)
2025-10-21 15:52:31,213 - INFO - üñ®Ô∏è Printing PDF to BANAK...
2025-10-21 15:52:31,214 - INFO - üñ®Ô∏è Printing PDF to BANAK...
2025-10-21 15:52:31,233 - INFO - üîç Searching for SumatraPDF.exe...
2025-10-21 15:52:31,234 - INFO - üîç Searching for SumatraPDF.exe...
2025-10-21 15:52:31,252 - DEBUG -    Checking: C:\Users\user\Desktop\ParidBackend\PrinterClientPro\Windows-Printer-Client\dist\SumatraPDF.exe
2025-10-21 15:52:31,251 - DEBUG -    Checking: C:\Users\user\Desktop\ParidBackend\PrinterClientPro\Windows-Printer-Client\dist\SumatraPDF.exe
2025-10-21 15:52:31,269 - INFO - ‚úÖ Found SumatraPDF at: C:\Users\user\Desktop\ParidBackend\PrinterClientPro\Windows-Printer-Client\dist\SumatraPDF.exe
2025-10-21 15:52:31,269 - INFO - ‚úÖ Found SumatraPDF at: C:\Users\user\Desktop\ParidBackend\PrinterClientPro\Windows-Printer-Client\dist\SumatraPDF.exe
2025-10-21 15:52:31,286 - INFO - üñ®Ô∏è Using SumatraPDF to print PDF to BANAK...
2025-10-21 15:52:31,285 - INFO - üñ®Ô∏è Using SumatraPDF to print PDF to BANAK...
2025-10-21 15:52:31,738 - INFO - ‚úÖ PDF printed successfully using SumatraPDF to BANAK
2025-10-21 15:52:31,738 - INFO - ‚úÖ HTML printed successfully via PDF conversion
2025-10-21 15:52:31,751 - INFO - ‚úÖ PDF printed successfully using SumatraPDF to BANAK
2025-10-21 15:52:31,752 - INFO - ‚úÖ HTML printed successfully via PDF conversion
2025-10-21 15:52:33,743 - INFO - Cleaned up temporary PDF: C:\Users\user\AppData\Local\Temp\tmpud5dbs4m.pdf
2025-10-21 15:52:33,744 - INFO - ‚úÖ Print job completed successfully
2025-10-21 15:52:33,767 - INFO - Cleaned up temporary PDF: C:\Users\user\AppData\Local\Temp\tmpdp2hcey8.pdf
2025-10-21 15:52:33,767 - INFO - ‚úÖ Print job completed successfully
2025-10-21 15:52:41,499 - INFO - üñ®Ô∏è Print request received
2025-10-21 15:52:41,500 - INFO -    Type: html
2025-10-21 15:52:41,507 - INFO -    Printer: Banak
2025-10-21 15:52:41,521 - INFO - Printing to: BANAK (Status: Ready)
2025-10-21 15:52:41,523 - INFO - üñ®Ô∏è Print request received
2025-10-21 15:52:41,524 - INFO -    Type: html
2025-10-21 15:52:41,524 - INFO - üìÑ Converting HTML to PDF...
2025-10-21 15:52:41,539 - INFO -    Printer: Banak
2025-10-21 15:52:41,552 - INFO -    HTML length: 4480 characters
2025-10-21 15:52:41,561 - INFO - Printing to: BANAK (Status: Ready)
2025-10-21 15:52:41,568 - INFO - Using PDF converter: wkhtmltopdf
2025-10-21 15:52:41,573 - INFO - üìÑ Converting HTML to PDF...
2025-10-21 15:52:41,576 - INFO - üîß Attempting wkhtmltopdf conversion...
2025-10-21 15:52:41,588 - INFO -    HTML length: 4480 characters
2025-10-21 15:52:41,590 - INFO - üì¶ Running as PyInstaller bundle
2025-10-21 15:52:41,611 - INFO - Using PDF converter: wkhtmltopdf
2025-10-21 15:52:41,611 - INFO -    Executable dir: C:\Users\user\Desktop\ParidBackend\PrinterClientPro\Windows-Printer-Client\dist
2025-10-21 15:52:41,627 - INFO - üîß Attempting wkhtmltopdf conversion...
2025-10-21 15:52:41,629 - INFO -    Temp extract dir: C:\Users\user\AppData\Local\Temp\_MEI84442
2025-10-21 15:52:41,644 - INFO - üì¶ Running as PyInstaller bundle
2025-10-21 15:52:41,654 - INFO - üîç Searching for wkhtmltopdf.exe in 5 locations...
2025-10-21 15:52:41,663 - INFO -    Executable dir: C:\Users\user\Desktop\ParidBackend\PrinterClientPro\Windows-Printer-Client\dist
2025-10-21 15:52:41,664 - INFO -    Checking: C:\Users\user\AppData\Local\Temp\_MEI84442\wkhtmltopdf.exe
2025-10-21 15:52:41,683 - INFO -    Temp extract dir: C:\Users\user\AppData\Local\Temp\_MEI213682
2025-10-21 15:52:41,684 - INFO -    ‚ùå Not found
2025-10-21 15:52:41,703 - INFO - üîç Searching for wkhtmltopdf.exe in 5 locations...
2025-10-21 15:52:41,704 - INFO -    Checking: C:\Users\user\Desktop\ParidBackend\PrinterClientPro\Windows-Printer-Client\dist\wkhtmltopdf.exe
2025-10-21 15:52:41,723 - INFO - ‚úÖ Found wkhtmltopdf at: C:\Users\user\Desktop\ParidBackend\PrinterClientPro\Windows-Printer-Client\dist\wkhtmltopdf.exe
2025-10-21 15:52:41,722 - INFO -    Checking: C:\Users\user\AppData\Local\Temp\_MEI213682\wkhtmltopdf.exe
2025-10-21 15:52:41,742 - INFO -    ‚ùå Not found
2025-10-21 15:52:41,764 - INFO -    Checking: C:\Users\user\Desktop\ParidBackend\PrinterClientPro\Windows-Printer-Client\dist\wkhtmltopdf.exe
2025-10-21 15:52:41,777 - INFO - ‚úÖ Found wkhtmltopdf at: C:\Users\user\Desktop\ParidBackend\PrinterClientPro\Windows-Printer-Client\dist\wkhtmltopdf.exe
2025-10-21 15:52:42,194 - INFO - HTML converted to PDF with wkhtmltopdf: C:\Users\user\AppData\Local\Temp\tmpze10dx7u.pdf
2025-10-21 15:52:42,194 - INFO - ‚úÖ wkhtmltopdf conversion successful: C:\Users\user\AppData\Local\Temp\tmpze10dx7u.pdf
2025-10-21 15:52:42,203 - INFO - ‚úÖ PDF created: C:\Users\user\AppData\Local\Temp\tmpze10dx7u.pdf (19339 bytes)
2025-10-21 15:52:42,212 - INFO - üñ®Ô∏è Printing PDF to BANAK...
2025-10-21 15:52:42,227 - INFO - üîç Searching for SumatraPDF.exe...
2025-10-21 15:52:42,239 - INFO - HTML converted to PDF with wkhtmltopdf: C:\Users\user\AppData\Local\Temp\tmpgnf5fihp.pdf
2025-10-21 15:52:42,236 - DEBUG -    Checking: C:\Users\user\Desktop\ParidBackend\PrinterClientPro\Windows-Printer-Client\dist\SumatraPDF.exe
2025-10-21 15:52:42,240 - INFO - ‚úÖ wkhtmltopdf conversion successful: C:\Users\user\AppData\Local\Temp\tmpgnf5fihp.pdf
2025-10-21 15:52:42,251 - INFO - ‚úÖ Found SumatraPDF at: C:\Users\user\Desktop\ParidBackend\PrinterClientPro\Windows-Printer-Client\dist\SumatraPDF.exe
2025-10-21 15:52:42,253 - INFO - ‚úÖ PDF created: C:\Users\user\AppData\Local\Temp\tmpgnf5fihp.pdf (19339 bytes)
2025-10-21 15:52:42,271 - INFO - üñ®Ô∏è Using SumatraPDF to print PDF to BANAK...
2025-10-21 15:52:42,271 - INFO - üñ®Ô∏è Printing PDF to BANAK...
2025-10-21 15:52:42,288 - INFO - üîç Searching for SumatraPDF.exe...
2025-10-21 15:52:42,305 - DEBUG -    Checking: C:\Users\user\Desktop\ParidBackend\PrinterClientPro\Windows-Printer-Client\dist\SumatraPDF.exe
2025-10-21 15:52:42,315 - INFO - ‚úÖ Found SumatraPDF at: C:\Users\user\Desktop\ParidBackend\PrinterClientPro\Windows-Printer-Client\dist\SumatraPDF.exe
2025-10-21 15:52:42,322 - INFO - üñ®Ô∏è Using SumatraPDF to print PDF to BANAK...
2025-10-21 15:52:42,593 - INFO - ‚úÖ PDF printed successfully using SumatraPDF to BANAK
2025-10-21 15:52:42,593 - INFO - ‚úÖ HTML printed successfully via PDF conversion
2025-10-21 15:52:42,628 - INFO - ‚úÖ PDF printed successfully using SumatraPDF to BANAK
2025-10-21 15:52:42,628 - INFO - ‚úÖ HTML printed successfully via PDF conversion
2025-10-21 15:52:44,601 - INFO - Cleaned up temporary PDF: C:\Users\user\AppData\Local\Temp\tmpze10dx7u.pdf
2025-10-21 15:52:44,601 - INFO - ‚úÖ Print job completed successfully
2025-10-21 15:52:44,635 - INFO - Cleaned up temporary PDF: C:\Users\user\AppData\Local\Temp\tmpgnf5fihp.pdf
2025-10-21 15:52:44,636 - INFO - ‚úÖ Print job completed successfully
2025-10-21 15:52:54,073 - WARNING - ‚ö†Ô∏è Disconnected from server
2025-10-21 15:52:56,259 - WARNING - ‚ö†Ô∏è Disconnected from server
2025-10-21 15:53:52,903 - INFO - üöÄ Windows Printer Client GUI started
2025-10-21 15:53:52,904 - INFO - üìç Default Printer: BANAK
2025-10-21 15:53:53,415 - INFO - üîÑ Auto-connecting to server on startup...
2025-10-21 15:53:53,416 - INFO - üîÑ Connecting to https://socket.pss.al...
2025-10-21 15:53:53,741 - INFO - üì® Status: Printer client connected and joined room
2025-10-21 15:53:53,742 - INFO - ‚úÖ Successfully connected to Backend-Socket server
2025-10-21 15:53:54,735 - INFO - üîÑ Connecting to https://socket.pss.al...
2025-10-21 15:53:54,781 - ERROR - ‚ùå Connection failed: Already connected
2025-10-21 15:53:57,490 - WARNING - ‚ö†Ô∏è Disconnected from server
2025-10-21 22:18:04,794 - INFO - üöÄ Windows Printer Client GUI started
2025-10-21 22:18:04,795 - INFO - üìç Default Printer: BANAK
2025-10-21 22:18:05,299 - INFO - üîÑ Auto-connecting to server on startup...
2025-10-21 22:18:05,299 - INFO - üîÑ Connecting to https://socket.pss.al...
2025-10-21 22:18:05,303 - ERROR - ‚ùå Connection failed: Connection error
2025-10-21 22:18:05,304 - ERROR - ‚ùå Connection failed: Connection error
2025-10-21 22:18:05,343 - INFO - üîÑ Connecting to https://socket.pss.al...
2025-10-21 22:18:05,345 - ERROR - ‚ùå Connection failed: Connection error
2025-10-21 22:18:05,351 - ERROR - ‚ùå Connection failed: Connection error
2025-10-21 22:48:32,481 - INFO - üîÑ Connecting to https://socket.pss.al...
2025-10-21 22:48:32,985 - INFO - üì® Status: Printer client connected and joined room
2025-10-21 22:48:32,985 - INFO - ‚úÖ Successfully connected to Backend-Socket server
2025-10-21 22:50:37,984 - WARNING - ‚ö†Ô∏è Disconnected from server
2025-10-21 22:50:39,219 - INFO - üì® Status: Printer client connected and joined room
2025-10-21 22:50:39,222 - INFO - ‚úÖ Successfully connected to Backend-Socket server
2025-10-21 22:52:44,227 - WARNING - ‚ö†Ô∏è Disconnected from server
2025-10-21 22:52:45,138 - INFO - üì® Status: Printer client connected and joined room
2025-10-21 22:52:45,139 - INFO - ‚úÖ Successfully connected to Backend-Socket server
2025-10-21 22:54:50,148 - WARNING - ‚ö†Ô∏è Disconnected from server
2025-10-21 22:54:51,519 - INFO - üì® Status: Printer client connected and joined room
2025-10-21 22:54:51,520 - INFO - ‚úÖ Successfully connected to Backend-Socket server
2025-10-21 22:56:56,532 - WARNING - ‚ö†Ô∏è Disconnected from server
2025-10-21 22:56:57,802 - INFO - üì® Status: Printer client connected and joined room
2025-10-21 22:56:57,803 - INFO - ‚úÖ Successfully connected to Backend-Socket server
2025-10-21 22:59:02,846 - WARNING - ‚ö†Ô∏è Disconnected from server
2025-10-21 22:59:04,055 - INFO - üì® Status: Printer client connected and joined room
2025-10-21 22:59:04,056 - INFO - ‚úÖ Successfully connected to Backend-Socket server
2025-10-21 23:01:09,084 - WARNING - ‚ö†Ô∏è Disconnected from server
2025-10-21 23:01:10,419 - INFO - üì® Status: Printer client connected and joined room
2025-10-21 23:01:10,420 - INFO - ‚úÖ Successfully connected to Backend-Socket server
2025-10-21 23:03:15,646 - WARNING - ‚ö†Ô∏è Disconnected from server
2025-10-21 23:03:16,844 - INFO - üì® Status: Printer client connected and joined room
2025-10-21 23:03:16,845 - INFO - ‚úÖ Successfully connected to Backend-Socket server
2025-10-21 23:05:21,851 - WARNING - ‚ö†Ô∏è Disconnected from server
2025-10-21 23:05:23,671 - INFO - üì® Status: Printer client connected and joined room
2025-10-21 23:05:23,671 - INFO - ‚úÖ Successfully connected to Backend-Socket server
2025-10-21 23:07:28,682 - WARNING - ‚ö†Ô∏è Disconnected from server
2025-10-21 23:07:30,033 - INFO - üì® Status: Printer client connected and joined room
2025-10-21 23:07:30,034 - INFO - ‚úÖ Successfully connected to Backend-Socket server
2025-10-21 23:09:35,037 - WARNING - ‚ö†Ô∏è Disconnected from server
2025-10-21 23:09:36,558 - INFO - üì® Status: Printer client connected and joined room
2025-10-21 23:09:36,559 - INFO - ‚úÖ Successfully connected to Backend-Socket server
2025-10-21 23:11:41,561 - WARNING - ‚ö†Ô∏è Disconnected from server
2025-10-21 23:11:42,599 - INFO - üì® Status: Printer client connected and joined room
2025-10-21 23:11:42,600 - INFO - ‚úÖ Successfully connected to Backend-Socket server
2025-10-21 23:13:47,594 - WARNING - ‚ö†Ô∏è Disconnected from server
2025-10-21 23:13:49,264 - INFO - üì® Status: Printer client connected and joined room
2025-10-21 23:13:49,265 - INFO - ‚úÖ Successfully connected to Backend-Socket server
2025-10-21 23:15:54,281 - WARNING - ‚ö†Ô∏è Disconnected from server
2025-10-21 23:15:55,958 - INFO - üì® Status: Printer client connected and joined room
2025-10-21 23:15:55,959 - INFO - ‚úÖ Successfully connected to Backend-Socket server
2025-10-21 23:18:00,997 - WARNING - ‚ö†Ô∏è Disconnected from server
2025-10-21 23:18:03,012 - INFO - üì® Status: Printer client connected and joined room
2025-10-21 23:18:03,013 - INFO - ‚úÖ Successfully connected to Backend-Socket server
2025-10-21 23:20:07,990 - WARNING - ‚ö†Ô∏è Disconnected from server
2025-10-21 23:20:09,477 - INFO - üì® Status: Printer client connected and joined room
2025-10-21 23:20:09,478 - INFO - ‚úÖ Successfully connected to Backend-Socket server
2025-10-21 23:22:14,481 - WARNING - ‚ö†Ô∏è Disconnected from server
2025-10-21 23:22:15,588 - INFO - üì® Status: Printer client connected and joined room
2025-10-21 23:22:15,589 - INFO - ‚úÖ Successfully connected to Backend-Socket server
2025-10-21 23:24:20,607 - WARNING - ‚ö†Ô∏è Disconnected from server
2025-10-21 23:24:22,333 - INFO - üì® Status: Printer client connected and joined room
2025-10-21 23:24:22,334 - INFO - ‚úÖ Successfully connected to Backend-Socket server
2025-10-21 23:26:27,345 - WARNING - ‚ö†Ô∏è Disconnected from server
2025-10-21 23:26:28,631 - INFO - üì® Status: Printer client connected and joined room
2025-10-21 23:26:28,632 - INFO - ‚úÖ Successfully connected to Backend-Socket server
2025-10-21 23:28:33,644 - WARNING - ‚ö†Ô∏è Disconnected from server
2025-10-21 23:28:35,222 - INFO - üì® Status: Printer client connected and joined room
2025-10-21 23:28:35,223 - INFO - ‚úÖ Successfully connected to Backend-Socket server
2025-10-21 23:30:40,240 - WARNING - ‚ö†Ô∏è Disconnected from server
2025-10-21 23:30:41,795 - INFO - üì® Status: Printer client connected and joined room
2025-10-21 23:30:41,801 - INFO - ‚úÖ Successfully connected to Backend-Socket server
2025-10-21 23:32:46,819 - WARNING - ‚ö†Ô∏è Disconnected from server
2025-10-21 23:32:48,596 - INFO - üì® Status: Printer client connected and joined room
2025-10-21 23:32:48,597 - INFO - ‚úÖ Successfully connected to Backend-Socket server
2025-10-21 23:34:53,820 - WARNING - ‚ö†Ô∏è Disconnected from server
2025-10-21 23:34:55,496 - INFO - üì® Status: Printer client connected and joined room
2025-10-21 23:34:55,521 - INFO - ‚úÖ Successfully connected to Backend-Socket server
2025-10-21 23:37:00,537 - WARNING - ‚ö†Ô∏è Disconnected from server
2025-10-21 23:37:02,158 - INFO - üì® Status: Printer client connected and joined room
2025-10-21 23:37:02,159 - INFO - ‚úÖ Successfully connected to Backend-Socket server
2025-10-21 23:39:07,204 - WARNING - ‚ö†Ô∏è Disconnected from server
2025-10-21 23:39:08,211 - INFO - üì® Status: Printer client connected and joined room
2025-10-21 23:39:08,212 - INFO - ‚úÖ Successfully connected to Backend-Socket server
2025-10-21 23:41:13,333 - WARNING - ‚ö†Ô∏è Disconnected from server
2025-10-21 23:41:14,892 - INFO - üì® Status: Printer client connected and joined room
2025-10-21 23:41:14,893 - INFO - ‚úÖ Successfully connected to Backend-Socket server
2025-10-21 23:43:20,043 - WARNING - ‚ö†Ô∏è Disconnected from server
2025-10-21 23:43:21,862 - INFO - üì® Status: Printer client connected and joined room
2025-10-21 23:43:21,863 - INFO - ‚úÖ Successfully connected to Backend-Socket server
2025-10-21 23:45:26,871 - WARNING - ‚ö†Ô∏è Disconnected from server
2025-10-21 23:45:28,070 - INFO - üì® Status: Printer client connected and joined room
2025-10-21 23:45:28,071 - INFO - ‚úÖ Successfully connected to Backend-Socket server
2025-10-21 23:47:33,075 - WARNING - ‚ö†Ô∏è Disconnected from server
2025-10-21 23:47:34,736 - INFO - üì® Status: Printer client connected and joined room
2025-10-21 23:47:34,736 - INFO - ‚úÖ Successfully connected to Backend-Socket server
2025-10-21 23:49:39,756 - WARNING - ‚ö†Ô∏è Disconnected from server
2025-10-21 23:49:41,363 - INFO - üì® Status: Printer client connected and joined room
2025-10-21 23:49:41,364 - INFO - ‚úÖ Successfully connected to Backend-Socket server
2025-10-21 23:51:46,602 - WARNING - ‚ö†Ô∏è Disconnected from server
2025-10-21 23:51:48,475 - INFO - üì® Status: Printer client connected and joined room
2025-10-21 23:51:48,476 - INFO - ‚úÖ Successfully connected to Backend-Socket server
2025-10-21 23:53:53,616 - WARNING - ‚ö†Ô∏è Disconnected from server
2025-10-21 23:53:54,677 - INFO - üì® Status: Printer client connected and joined room
2025-10-21 23:53:54,678 - INFO - ‚úÖ Successfully connected to Backend-Socket server
2025-10-21 23:55:59,682 - WARNING - ‚ö†Ô∏è Disconnected from server
2025-10-21 23:56:00,711 - INFO - üì® Status: Printer client connected and joined room
2025-10-21 23:56:00,712 - INFO - ‚úÖ Successfully connected to Backend-Socket server
2025-10-21 23:58:05,767 - WARNING - ‚ö†Ô∏è Disconnected from server
2025-10-21 23:58:06,892 - INFO - üì® Status: Printer client connected and joined room
2025-10-21 23:58:06,893 - INFO - ‚úÖ Successfully connected to Backend-Socket server
2025-10-22 00:00:11,898 - WARNING - ‚ö†Ô∏è Disconnected from server
2025-10-22 00:00:13,765 - INFO - üì® Status: Printer client connected and joined room
2025-10-22 00:00:13,765 - INFO - ‚úÖ Successfully connected to Backend-Socket server
2025-10-22 00:02:18,779 - WARNING - ‚ö†Ô∏è Disconnected from server
2025-10-22 00:02:20,602 - INFO - üì® Status: Printer client connected and joined room
2025-10-22 00:02:20,603 - INFO - ‚úÖ Successfully connected to Backend-Socket server
2025-10-22 00:04:25,916 - WARNING - ‚ö†Ô∏è Disconnected from server
2025-10-22 00:04:27,360 - INFO - üì® Status: Printer client connected and joined room
2025-10-22 00:04:27,361 - INFO - ‚úÖ Successfully connected to Backend-Socket server
2025-10-22 00:06:32,387 - WARNING - ‚ö†Ô∏è Disconnected from server
2025-10-22 00:06:33,577 - INFO - üì® Status: Printer client connected and joined room
2025-10-22 00:06:33,578 - INFO - ‚úÖ Successfully connected to Backend-Socket server
2025-10-22 00:08:38,704 - WARNING - ‚ö†Ô∏è Disconnected from server
2025-10-22 00:08:39,613 - INFO - üì® Status: Printer client connected and joined room
2025-10-22 00:08:39,614 - INFO - ‚úÖ Successfully connected to Backend-Socket server
2025-10-22 00:10:44,629 - WARNING - ‚ö†Ô∏è Disconnected from server
2025-10-22 00:10:45,741 - INFO - üì® Status: Printer client connected and joined room
2025-10-22 00:10:45,743 - INFO - ‚úÖ Successfully connected to Backend-Socket server
2025-10-22 00:12:50,757 - WARNING - ‚ö†Ô∏è Disconnected from server
2025-10-22 00:12:51,981 - INFO - üì® Status: Printer client connected and joined room
2025-10-22 00:12:51,982 - INFO - ‚úÖ Successfully connected to Backend-Socket server
2025-10-22 00:14:57,263 - WARNING - ‚ö†Ô∏è Disconnected from server
2025-10-22 00:14:58,511 - INFO - üì® Status: Printer client connected and joined room
2025-10-22 00:14:58,512 - INFO - ‚úÖ Successfully connected to Backend-Socket server
2025-10-22 00:17:03,658 - WARNING - ‚ö†Ô∏è Disconnected from server
2025-10-22 00:17:04,594 - INFO - üì® Status: Printer client connected and joined room
2025-10-22 00:17:04,594 - INFO - ‚úÖ Successfully connected to Backend-Socket server
2025-10-22 00:19:09,730 - WARNING - ‚ö†Ô∏è Disconnected from server
2025-10-22 00:19:11,315 - INFO - üì® Status: Printer client connected and joined room
2025-10-22 00:19:11,315 - INFO - ‚úÖ Successfully connected to Backend-Socket server
2025-10-22 00:21:16,447 - WARNING - ‚ö†Ô∏è Disconnected from server
2025-10-22 00:21:17,876 - INFO - üì® Status: Printer client connected and joined room
2025-10-22 00:21:17,876 - INFO - ‚úÖ Successfully connected to Backend-Socket server
2025-10-22 08:45:23,474 - WARNING - ‚ö†Ô∏è Disconnected from server
2025-10-22 08:45:25,784 - ERROR - ‚ùå Connection failed: Connection error
2025-10-22 08:45:28,233 - ERROR - ‚ùå Connection failed: Connection error
2025-10-22 08:45:32,427 - ERROR - ‚ùå Connection failed: Connection error
2025-10-22 08:45:37,872 - INFO - üì® Status: Printer client connected and joined room
2025-10-22 08:45:37,873 - INFO - ‚úÖ Successfully connected to Backend-Socket server
2025-10-22 08:47:42,875 - WARNING - ‚ö†Ô∏è Disconnected from server
2025-10-22 08:47:44,137 - INFO - üì® Status: Printer client connected and joined room
2025-10-22 08:47:44,138 - INFO - ‚úÖ Successfully connected to Backend-Socket server
2025-10-22 08:49:49,149 - WARNING - ‚ö†Ô∏è Disconnected from server
2025-10-22 08:49:50,300 - INFO - üì® Status: Printer client connected and joined room
2025-10-22 08:49:50,301 - INFO - ‚úÖ Successfully connected to Backend-Socket server
2025-10-22 08:51:55,315 - WARNING - ‚ö†Ô∏è Disconnected from server
2025-10-22 08:51:56,191 - INFO - üì® Status: Printer client connected and joined room
2025-10-22 08:51:56,192 - INFO - ‚úÖ Successfully connected to Backend-Socket server
2025-10-22 08:54:01,200 - WARNING - ‚ö†Ô∏è Disconnected from server
2025-10-22 08:54:02,016 - INFO - üì® Status: Printer client connected and joined room
2025-10-22 08:54:02,017 - INFO - ‚úÖ Successfully connected to Backend-Socket server
2025-10-22 08:56:07,025 - WARNING - ‚ö†Ô∏è Disconnected from server
2025-10-22 08:56:07,805 - INFO - üì® Status: Printer client connected and joined room
2025-10-22 08:56:07,806 - INFO - ‚úÖ Successfully connected to Backend-Socket server
2025-10-22 08:58:12,812 - WARNING - ‚ö†Ô∏è Disconnected from server
2025-10-22 08:58:13,925 - INFO - üì® Status: Printer client connected and joined room
2025-10-22 08:58:13,926 - INFO - ‚úÖ Successfully connected to Backend-Socket server
2025-10-22 09:00:18,933 - WARNING - ‚ö†Ô∏è Disconnected from server
2025-10-22 09:00:19,757 - INFO - üì® Status: Printer client connected and joined room
2025-10-22 09:00:19,758 - INFO - ‚úÖ Successfully connected to Backend-Socket server
2025-10-22 09:02:24,769 - WARNING - ‚ö†Ô∏è Disconnected from server
2025-10-22 09:02:26,020 - INFO - üì® Status: Printer client connected and joined room
2025-10-22 09:02:26,021 - INFO - ‚úÖ Successfully connected to Backend-Socket server
2025-10-22 09:04:31,028 - WARNING - ‚ö†Ô∏è Disconnected from server
2025-10-22 09:04:32,398 - INFO - üì® Status: Printer client connected and joined room
2025-10-22 09:04:32,398 - INFO - ‚úÖ Successfully connected to Backend-Socket server
2025-10-22 09:06:37,405 - WARNING - ‚ö†Ô∏è Disconnected from server
2025-10-22 09:06:39,067 - INFO - üì® Status: Printer client connected and joined room
2025-10-22 09:06:39,067 - INFO - ‚úÖ Successfully connected to Backend-Socket server
2025-10-22 09:08:44,069 - WARNING - ‚ö†Ô∏è Disconnected from server
2025-10-22 09:08:45,662 - INFO - üì® Status: Printer client connected and joined room
2025-10-22 09:08:45,663 - INFO - ‚úÖ Successfully connected to Backend-Socket server
2025-10-22 09:10:50,673 - WARNING - ‚ö†Ô∏è Disconnected from server
2025-10-22 09:10:51,389 - INFO - üì® Status: Printer client connected and joined room
2025-10-22 09:10:51,390 - INFO - ‚úÖ Successfully connected to Backend-Socket server
2025-10-22 09:12:56,405 - WARNING - ‚ö†Ô∏è Disconnected from server
2025-10-22 09:12:57,603 - INFO - üì® Status: Printer client connected and joined room
2025-10-22 09:12:57,603 - INFO - ‚úÖ Successfully connected to Backend-Socket server
2025-10-22 09:15:02,611 - WARNING - ‚ö†Ô∏è Disconnected from server
2025-10-22 09:15:03,725 - INFO - üì® Status: Printer client connected and joined room
2025-10-22 09:15:03,725 - INFO - ‚úÖ Successfully connected to Backend-Socket server
2025-10-22 09:17:08,732 - WARNING - ‚ö†Ô∏è Disconnected from server
2025-10-22 09:17:10,206 - INFO - üì® Status: Printer client connected and joined room
2025-10-22 09:17:10,207 - INFO - ‚úÖ Successfully connected to Backend-Socket server
2025-10-22 09:19:15,218 - WARNING - ‚ö†Ô∏è Disconnected from server
2025-10-22 09:19:16,495 - INFO - üì® Status: Printer client connected and joined room
2025-10-22 09:19:16,495 - INFO - ‚úÖ Successfully connected to Backend-Socket server
2025-10-22 09:22:49,136 - WARNING - ‚ö†Ô∏è Disconnected from server
2025-10-22 09:22:50,632 - INFO - üì® Status: Printer client connected and joined room
2025-10-22 09:22:50,634 - INFO - ‚úÖ Successfully connected to Backend-Socket server
2025-10-22 09:24:55,641 - WARNING - ‚ö†Ô∏è Disconnected from server
2025-10-22 09:24:56,498 - INFO - üì® Status: Printer client connected and joined room
2025-10-22 09:24:56,499 - INFO - ‚úÖ Successfully connected to Backend-Socket server
2025-10-22 09:26:29,903 - INFO - üñ®Ô∏è Print request received
2025-10-22 09:26:29,904 - INFO -    Type: html
2025-10-22 09:26:29,915 - INFO -    Printer: Banak
2025-10-22 09:26:29,942 - INFO - Printing to: BANAK (Status: Ready)
2025-10-22 09:26:29,944 - INFO - üìÑ Converting HTML to PDF...
2025-10-22 09:26:29,948 - INFO -    HTML length: 5913 characters
2025-10-22 09:26:30,024 - INFO - Using PDF converter: wkhtmltopdf
2025-10-22 09:26:30,025 - INFO - üîß Attempting wkhtmltopdf conversion...
2025-10-22 09:26:30,038 - WARNING - ‚ö†Ô∏è wkhtmltopdf conversion failed: Exception: pdfkit library not installed
2025-10-22 09:26:30,068 - DEBUG - Traceback:
Traceback (most recent call last):
  File "printer_handler.py", line 1128, in _convert_html_to_pdf_wkhtmltopdf
ModuleNotFoundError: No module named 'pdfkit'

During handling of the above exception, another exception occurred:

Traceback (most recent call last):
  File "printer_handler.py", line 405, in _convert_html_to_pdf
  File "printer_handler.py", line 1281, in _convert_html_to_pdf_wkhtmltopdf
Exception: pdfkit library not installed

2025-10-22 09:26:30,068 - INFO - üîÑ Falling back to ReportLab renderer...
2025-10-22 09:26:30,555 - INFO - üìä Using optimized table-based receipt renderer
2025-10-22 09:26:30,626 - INFO - Parsed 32 CSS rules (classes + tags)
2025-10-22 09:26:30,626 - INFO -   CSS 'title1': {'font-size': '14px', 'text-align': 'center', 'font-weight': 'bold'}
2025-10-22 09:26:30,629 - INFO -   CSS 'tds-footer': {'font-size': '11px', 'font-weight': 'bold', 'text-align': 'center', 'width': '100%', 'margin': '0'}
2025-10-22 09:26:30,632 - INFO -   CSS 'columnsSkontrino': {'font-weight': '500', 'font-size': '11px', 'color': '#000'}
2025-10-22 09:26:30,636 - INFO -   CSS 'columnsPershkrim': {'font-weight': '600', 'font-size': '11px', 'color': '#000'}
2025-10-22 09:26:30,640 - INFO -   CSS 'columnsTotal': {'padding-top': '20px', 'font-size': '14px', 'color': '#000'}
2025-10-22 09:26:30,645 - INFO -   CSS 'tfoot': {'text-align': 'center'}
2025-10-22 09:26:30,649 - INFO -   CSS 'center-text': {'text-align': 'center'}
2025-10-22 09:26:30,655 - INFO - Using font scale: 0.95 (95%)
2025-10-22 09:26:30,672 - INFO - Receipt PDF created successfully: C:\Users\user\AppData\Local\Temp\tmp20x7cb0h.pdf
2025-10-22 09:26:30,675 - INFO - ‚úÖ PDF created: C:\Users\user\AppData\Local\Temp\tmp20x7cb0h.pdf (2631 bytes)
2025-10-22 09:26:30,677 - INFO - üñ®Ô∏è Printing PDF to BANAK...
2025-10-22 09:26:30,681 - INFO - üîç Searching for SumatraPDF.exe...
2025-10-22 09:26:30,685 - DEBUG -    Checking: C:\Users\user\Desktop\ParidBackend\PrinterClientPro\Windows-Printer-Client\dist\SumatraPDF.exe
2025-10-22 09:26:30,713 - INFO - ‚úÖ Found SumatraPDF at: C:\Users\user\Desktop\ParidBackend\PrinterClientPro\Windows-Printer-Client\dist\SumatraPDF.exe
2025-10-22 09:26:30,717 - INFO - üñ®Ô∏è Using SumatraPDF to print PDF to BANAK...
2025-10-22 09:26:31,403 - INFO - ‚úÖ PDF printed successfully using SumatraPDF to BANAK
2025-10-22 09:26:31,403 - INFO - ‚úÖ HTML printed successfully via PDF conversion
2025-10-22 09:26:33,407 - INFO - Cleaned up temporary PDF: C:\Users\user\AppData\Local\Temp\tmp20x7cb0h.pdf
2025-10-22 09:26:33,407 - INFO - ‚úÖ Print job completed successfully
2025-10-22 09:26:33,423 - DEBUG - Could not get jobs for BANAK: No module named 'win32timezone'
2025-10-22 09:27:09,212 - INFO - üóëÔ∏è Log cleared
2025-10-22 09:28:27,360 - INFO - üñ®Ô∏è Print request received
2025-10-22 09:28:27,360 - INFO -    Type: html
2025-10-22 09:28:27,363 - INFO -    Printer: Banak
2025-10-22 09:28:27,368 - INFO - Printing to: BANAK (Status: Ready)
2025-10-22 09:28:27,369 - INFO - üìÑ Converting HTML to PDF...
2025-10-22 09:28:27,376 - INFO -    HTML length: 4459 characters
2025-10-22 09:28:27,383 - INFO - Using PDF converter: wkhtmltopdf
2025-10-22 09:28:27,384 - INFO - üîß Attempting wkhtmltopdf conversion...
2025-10-22 09:28:27,385 - WARNING - ‚ö†Ô∏è wkhtmltopdf conversion failed: Exception: pdfkit library not installed
2025-10-22 09:28:27,391 - DEBUG - Traceback:
Traceback (most recent call last):
  File "printer_handler.py", line 1128, in _convert_html_to_pdf_wkhtmltopdf
ModuleNotFoundError: No module named 'pdfkit'

During handling of the above exception, another exception occurred:

Traceback (most recent call last):
  File "printer_handler.py", line 405, in _convert_html_to_pdf
  File "printer_handler.py", line 1281, in _convert_html_to_pdf_wkhtmltopdf
Exception: pdfkit library not installed

2025-10-22 09:28:27,392 - INFO - üîÑ Falling back to ReportLab renderer...
2025-10-22 09:28:27,395 - INFO - üìä Using optimized table-based receipt renderer
2025-10-22 09:28:27,398 - INFO - Parsed 32 CSS rules (classes + tags)
2025-10-22 09:28:27,406 - INFO -   CSS 'title1': {'font-size': '14px', 'text-align': 'center', 'font-weight': 'bold'}
2025-10-22 09:28:27,413 - INFO -   CSS 'tds-footer': {'font-size': '11px', 'font-weight': 'bold', 'text-align': 'center', 'width': '100%', 'margin': '0'}
2025-10-22 09:28:27,413 - INFO -   CSS 'columnsSkontrino': {'font-weight': '500', 'font-size': '11px', 'color': '#000'}
2025-10-22 09:28:27,415 - INFO -   CSS 'columnsPershkrim': {'font-weight': '600', 'font-size': '11px', 'color': '#000'}
2025-10-22 09:28:27,416 - INFO -   CSS 'columnsTotal': {'padding-top': '20px', 'font-size': '14px', 'color': '#000'}
2025-10-22 09:28:27,417 - INFO -   CSS 'tfoot': {'text-align': 'center'}
2025-10-22 09:28:27,419 - INFO -   CSS 'center-text': {'text-align': 'center'}
2025-10-22 09:28:27,422 - INFO - Using font scale: 0.95 (95%)
2025-10-22 09:28:27,431 - INFO - Receipt PDF created successfully: C:\Users\user\AppData\Local\Temp\tmpftul_hn6.pdf
2025-10-22 09:28:27,440 - INFO - ‚úÖ PDF created: C:\Users\user\AppData\Local\Temp\tmpftul_hn6.pdf (1873 bytes)
2025-10-22 09:28:27,452 - INFO - üñ®Ô∏è Printing PDF to BANAK...
2025-10-22 09:28:27,464 - INFO - üîç Searching for SumatraPDF.exe...
2025-10-22 09:28:27,467 - DEBUG -    Checking: C:\Users\user\Desktop\ParidBackend\PrinterClientPro\Windows-Printer-Client\dist\SumatraPDF.exe
2025-10-22 09:28:27,482 - INFO - ‚úÖ Found SumatraPDF at: C:\Users\user\Desktop\ParidBackend\PrinterClientPro\Windows-Printer-Client\dist\SumatraPDF.exe
2025-10-22 09:28:27,486 - INFO - üñ®Ô∏è Using SumatraPDF to print PDF to BANAK...
2025-10-22 09:28:27,774 - INFO - ‚úÖ PDF printed successfully using SumatraPDF to BANAK
2025-10-22 09:28:27,774 - INFO - ‚úÖ HTML printed successfully via PDF conversion
2025-10-22 09:28:29,778 - INFO - Cleaned up temporary PDF: C:\Users\user\AppData\Local\Temp\tmpftul_hn6.pdf
2025-10-22 09:28:29,779 - INFO - ‚úÖ Print job completed successfully
2025-10-22 09:28:29,800 - DEBUG - Could not get jobs for BANAK: No module named 'win32timezone'
2025-10-22 09:28:44,919 - WARNING - ‚ö†Ô∏è Disconnected from server
2025-10-22 09:28:44,992 - INFO - üîå Disconnected from server
2025-10-22 09:44:38,598 - INFO - üîÑ Connecting to https://socket.pss.al...
2025-10-22 09:44:38,826 - INFO - üì® Status: Printer client connected and joined room
2025-10-22 09:44:38,827 - INFO - ‚úÖ Successfully connected to Backend-Socket server
2025-10-22 09:44:50,237 - WARNING - ‚ö†Ô∏è Disconnected from server
2025-10-22 09:44:50,269 - INFO - üîå Disconnected from server
2025-10-22 09:44:51,294 - INFO - üîÑ Connecting to https://socket.pss.al...
2025-10-22 09:44:51,502 - INFO - üì® Status: Printer client connected and joined room
2025-10-22 09:44:51,503 - INFO - ‚úÖ Successfully connected to Backend-Socket server
2025-10-22 09:46:56,509 - WARNING - ‚ö†Ô∏è Disconnected from server
2025-10-22 09:46:57,845 - INFO - üì® Status: Printer client connected and joined room
2025-10-22 09:46:57,846 - INFO - ‚úÖ Successfully connected to Backend-Socket server
2025-10-22 09:49:02,855 - WARNING - ‚ö†Ô∏è Disconnected from server
2025-10-22 09:49:04,555 - INFO - üì® Status: Printer client connected and joined room
2025-10-22 09:49:04,556 - INFO - ‚úÖ Successfully connected to Backend-Socket server
2025-10-22 09:51:09,567 - WARNING - ‚ö†Ô∏è Disconnected from server
2025-10-22 09:51:10,339 - INFO - üì® Status: Printer client connected and joined room
2025-10-22 09:51:10,340 - INFO - ‚úÖ Successfully connected to Backend-Socket server
2025-10-22 09:52:19,211 - INFO - üíæ Configuration saved to: C:\Users\user\Desktop\ParidBackend\PrinterClientPro\Windows-Printer-Client\dist\.env
2025-10-22 09:52:25,793 - WARNING - ‚ö†Ô∏è Disconnected from server
2025-10-22 09:52:25,825 - INFO - üîå Disconnected from server
2025-10-22 09:52:26,282 - INFO - üîÑ Connecting to http://127.0.0.1:5001/test...
2025-10-22 09:52:26,296 - INFO - üì® Status: Printer client connected and joined room
2025-10-22 09:52:26,296 - INFO - ‚úÖ Successfully connected to Backend-Socket server
2025-10-22 09:52:28,316 - INFO - üíæ Configuration saved to: C:\Users\user\Desktop\ParidBackend\PrinterClientPro\Windows-Printer-Client\dist\.env
2025-10-22 09:52:44,843 - INFO - üñ®Ô∏è Print request received
2025-10-22 09:52:44,844 - INFO -    Type: html
2025-10-22 09:52:44,847 - INFO -    Printer: Banak
2025-10-22 09:52:44,853 - INFO - Printing to: BANAK (Status: Ready)
2025-10-22 09:52:44,854 - INFO - üìÑ Converting HTML to PDF...
2025-10-22 09:52:44,855 - INFO -    HTML length: 4480 characters
2025-10-22 09:52:44,862 - INFO - Using PDF converter: wkhtmltopdf
2025-10-22 09:52:44,862 - INFO - üîß Attempting wkhtmltopdf conversion...
2025-10-22 09:52:44,864 - WARNING - ‚ö†Ô∏è wkhtmltopdf conversion failed: Exception: pdfkit library not installed
2025-10-22 09:52:44,871 - DEBUG - Traceback:
Traceback (most recent call last):
  File "printer_handler.py", line 1128, in _convert_html_to_pdf_wkhtmltopdf
ModuleNotFoundError: No module named 'pdfkit'

During handling of the above exception, another exception occurred:

Traceback (most recent call last):
  File "printer_handler.py", line 405, in _convert_html_to_pdf
  File "printer_handler.py", line 1281, in _convert_html_to_pdf_wkhtmltopdf
Exception: pdfkit library not installed

2025-10-22 09:52:44,873 - INFO - üîÑ Falling back to ReportLab renderer...
2025-10-22 09:52:44,885 - INFO - üìä Using optimized table-based receipt renderer
2025-10-22 09:52:44,890 - INFO - Parsed 32 CSS rules (classes + tags)
2025-10-22 09:52:44,890 - INFO -   CSS 'title1': {'font-size': '14px', 'text-align': 'center', 'font-weight': 'bold'}
2025-10-22 09:52:44,900 - INFO -   CSS 'tds-footer': {'font-size': '11px', 'font-weight': 'bold', 'text-align': 'center', 'width': '100%', 'margin': '0'}
2025-10-22 09:52:44,901 - INFO -   CSS 'columnsSkontrino': {'font-weight': '500', 'font-size': '11px', 'color': '#000'}
2025-10-22 09:52:44,903 - INFO -   CSS 'columnsPershkrim': {'font-weight': '600', 'font-size': '11px', 'color': '#000'}
2025-10-22 09:52:44,905 - INFO -   CSS 'columnsTotal': {'padding-top': '20px', 'font-size': '14px', 'color': '#000'}
2025-10-22 09:52:44,906 - INFO -   CSS 'tfoot': {'text-align': 'center'}
2025-10-22 09:52:44,909 - INFO -   CSS 'center-text': {'text-align': 'center'}
2025-10-22 09:52:44,913 - INFO - Using font scale: 0.95 (95%)
2025-10-22 09:52:44,926 - INFO - Receipt PDF created successfully: C:\Users\user\AppData\Local\Temp\tmp1cfh5u9b.pdf
2025-10-22 09:52:44,938 - INFO - ‚úÖ PDF created: C:\Users\user\AppData\Local\Temp\tmp1cfh5u9b.pdf (1910 bytes)
2025-10-22 09:52:44,938 - INFO - üñ®Ô∏è Printing PDF to BANAK...
2025-10-22 09:52:44,944 - INFO - üîç Searching for SumatraPDF.exe...
2025-10-22 09:52:44,949 - DEBUG -    Checking: C:\Users\user\Desktop\ParidBackend\PrinterClientPro\Windows-Printer-Client\dist\SumatraPDF.exe
2025-10-22 09:52:44,954 - INFO - ‚úÖ Found SumatraPDF at: C:\Users\user\Desktop\ParidBackend\PrinterClientPro\Windows-Printer-Client\dist\SumatraPDF.exe
2025-10-22 09:52:44,960 - INFO - üñ®Ô∏è Using SumatraPDF to print PDF to BANAK...
2025-10-22 09:52:45,556 - INFO - ‚úÖ PDF printed successfully using SumatraPDF to BANAK
2025-10-22 09:52:45,563 - INFO - ‚úÖ HTML printed successfully via PDF conversion
2025-10-22 09:52:47,571 - INFO - Cleaned up temporary PDF: C:\Users\user\AppData\Local\Temp\tmp1cfh5u9b.pdf
2025-10-22 09:52:47,572 - INFO - ‚úÖ Print job completed successfully
2025-10-22 09:52:47,603 - DEBUG - Could not get jobs for BANAK: No module named 'win32timezone'
2025-10-22 09:52:56,484 - INFO - üß™ Testing printer: BANAK
2025-10-22 09:52:56,490 - INFO - Printing to: BANAK (Status: Error)
2025-10-22 09:52:56,490 - WARNING - Printer 'BANAK' is not ready (Status: Error). Adding to queue.
2025-10-22 09:52:56,491 - INFO - Added to queue: BANAK (Queue size: 1)
2025-10-22 09:52:56,491 - ERROR - ‚ùå Test print failed for BANAK
2025-10-22 09:52:56,497 - DEBUG - Could not get jobs for BANAK: No module named 'win32timezone'
2025-10-22 09:52:58,183 - DEBUG - Could not get jobs for BANAK: No module named 'win32timezone'
2025-10-22 09:53:00,113 - INFO - Printing to: BANAK (Status: Error)
2025-10-22 09:53:00,113 - WARNING - Printer 'BANAK' is not ready (Status: Error). Adding to queue.
2025-10-22 09:53:00,113 - INFO - Added to queue: BANAK (Queue size: 2)
2025-10-22 09:53:00,113 - WARNING - Queue item 0 failed again
2025-10-22 09:53:00,113 - ERROR - ‚ùå Failed to retry queue item 0
2025-10-22 09:53:00,118 - DEBUG - Could not get jobs for BANAK: No module named 'win32timezone'
2025-10-22 09:53:00,132 - DEBUG - Could not get jobs for BANAK: No module named 'win32timezone'
2025-10-22 09:53:01,344 - DEBUG - Could not get jobs for BANAK: No module named 'win32timezone'
2025-10-22 09:53:01,344 - INFO - üóëÔ∏è Removed queue item 0
2025-10-22 09:53:01,364 - DEBUG - Could not get jobs for BANAK: No module named 'win32timezone'
2025-10-22 09:53:02,745 - INFO - Cleared 2 items from queue
2025-10-22 09:53:02,745 - INFO - üóëÔ∏è Queue cleared
2025-10-22 09:53:02,766 - DEBUG - Could not get jobs for BANAK: No module named 'win32timezone'
2025-10-22 09:54:04,901 - WARNING - ‚ö†Ô∏è Disconnected from server
2025-10-22 09:54:04,903 - INFO - üîå Disconnected from server
2025-10-22 09:54:05,526 - INFO - üîÑ Connecting to http://127.0.0.1:5001/test...
2025-10-22 09:54:05,552 - INFO - üì® Status: Printer client connected and joined room
2025-10-22 09:54:05,553 - INFO - ‚úÖ Successfully connected to Backend-Socket server
2025-10-22 09:54:12,107 - INFO - üñ®Ô∏è Print request received
2025-10-22 09:54:12,108 - INFO -    Type: html
2025-10-22 09:54:12,114 - INFO -    Printer: BANAK
2025-10-22 09:54:12,121 - INFO - Printing to: BANAK (Status: Error)
2025-10-22 09:54:12,123 - WARNING - Printer 'BANAK' is not ready (Status: Error). Adding to queue.
2025-10-22 09:54:12,123 - INFO - Added to queue: BANAK (Queue size: 1)
2025-10-22 09:54:12,124 - ERROR - ‚ùå Print job failed
2025-10-22 09:54:12,134 - DEBUG - Could not get jobs for BANAK: No module named 'win32timezone'
2025-10-22 09:54:23,504 - INFO - ‚öôÔ∏è Opening properties for: BANAK
2025-10-22 09:56:31,098 - INFO - üñ®Ô∏è Print request received
2025-10-22 09:56:31,100 - INFO -    Type: html
2025-10-22 09:56:31,102 - INFO -    Printer: BANAK
2025-10-22 09:56:31,107 - INFO - Printing to: BANAK (Status: Ready)
2025-10-22 09:56:31,108 - INFO - üìÑ Converting HTML to PDF...
2025-10-22 09:56:31,109 - INFO -    HTML length: 4480 characters
2025-10-22 09:56:31,112 - INFO - Using PDF converter: wkhtmltopdf
2025-10-22 09:56:31,113 - INFO - üîß Attempting wkhtmltopdf conversion...
2025-10-22 09:56:31,119 - WARNING - ‚ö†Ô∏è wkhtmltopdf conversion failed: Exception: pdfkit library not installed
2025-10-22 09:56:31,121 - DEBUG - Traceback:
Traceback (most recent call last):
  File "printer_handler.py", line 1128, in _convert_html_to_pdf_wkhtmltopdf
ModuleNotFoundError: No module named 'pdfkit'

During handling of the above exception, another exception occurred:

Traceback (most recent call last):
  File "printer_handler.py", line 405, in _convert_html_to_pdf
  File "printer_handler.py", line 1281, in _convert_html_to_pdf_wkhtmltopdf
Exception: pdfkit library not installed

2025-10-22 09:56:31,121 - INFO - üîÑ Falling back to ReportLab renderer...
2025-10-22 09:56:31,128 - INFO - üìä Using optimized table-based receipt renderer
2025-10-22 09:56:31,139 - INFO - Parsed 32 CSS rules (classes + tags)
2025-10-22 09:56:31,140 - INFO -   CSS 'title1': {'font-size': '14px', 'text-align': 'center', 'font-weight': 'bold'}
2025-10-22 09:56:31,143 - INFO -   CSS 'tds-footer': {'font-size': '11px', 'font-weight': 'bold', 'text-align': 'center', 'width': '100%', 'margin': '0'}
2025-10-22 09:56:31,149 - INFO -   CSS 'columnsSkontrino': {'font-weight': '500', 'font-size': '11px', 'color': '#000'}
2025-10-22 09:56:31,153 - INFO -   CSS 'columnsPershkrim': {'font-weight': '600', 'font-size': '11px', 'color': '#000'}
2025-10-22 09:56:31,158 - INFO -   CSS 'columnsTotal': {'padding-top': '20px', 'font-size': '14px', 'color': '#000'}
2025-10-22 09:56:31,162 - INFO -   CSS 'tfoot': {'text-align': 'center'}
2025-10-22 09:56:31,168 - INFO -   CSS 'center-text': {'text-align': 'center'}
2025-10-22 09:56:31,176 - INFO - Using font scale: 0.95 (95%)
2025-10-22 09:56:31,189 - INFO - Receipt PDF created successfully: C:\Users\user\AppData\Local\Temp\tmpgec3ta_k.pdf
2025-10-22 09:56:31,191 - INFO - ‚úÖ PDF created: C:\Users\user\AppData\Local\Temp\tmpgec3ta_k.pdf (1914 bytes)
2025-10-22 09:56:31,194 - INFO - üñ®Ô∏è Printing PDF to BANAK...
2025-10-22 09:56:31,202 - INFO - üîç Searching for SumatraPDF.exe...
2025-10-22 09:56:31,205 - DEBUG -    Checking: C:\Users\user\Desktop\ParidBackend\PrinterClientPro\Windows-Printer-Client\dist\SumatraPDF.exe
2025-10-22 09:56:31,210 - INFO - ‚úÖ Found SumatraPDF at: C:\Users\user\Desktop\ParidBackend\PrinterClientPro\Windows-Printer-Client\dist\SumatraPDF.exe
2025-10-22 09:56:31,213 - INFO - üñ®Ô∏è Using SumatraPDF to print PDF to BANAK...
2025-10-22 09:56:31,554 - INFO - ‚úÖ PDF printed successfully using SumatraPDF to BANAK
2025-10-22 09:56:31,554 - INFO - ‚úÖ HTML printed successfully via PDF conversion
2025-10-22 09:56:33,558 - INFO - Cleaned up temporary PDF: C:\Users\user\AppData\Local\Temp\tmpgec3ta_k.pdf
2025-10-22 09:56:33,559 - INFO - ‚úÖ Print job completed successfully
2025-10-22 10:02:00,980 - INFO - üñ®Ô∏è Print request received
2025-10-22 10:02:00,980 - INFO -    Type: html
2025-10-22 10:02:00,985 - INFO -    Printer: BANAK
2025-10-22 10:02:00,997 - INFO - Printing to: BANAK (Status: Ready)
2025-10-22 10:02:01,001 - INFO - üìÑ Converting HTML to PDF...
2025-10-22 10:02:01,008 - INFO -    HTML length: 4579 characters
2025-10-22 10:02:01,020 - INFO - Using PDF converter: wkhtmltopdf
2025-10-22 10:02:01,025 - INFO - üîß Attempting wkhtmltopdf conversion...
2025-10-22 10:02:01,035 - WARNING - ‚ö†Ô∏è wkhtmltopdf conversion failed: Exception: pdfkit library not installed
2025-10-22 10:02:01,042 - DEBUG - Traceback:
Traceback (most recent call last):
  File "printer_handler.py", line 1128, in _convert_html_to_pdf_wkhtmltopdf
ModuleNotFoundError: No module named 'pdfkit'

During handling of the above exception, another exception occurred:

Traceback (most recent call last):
  File "printer_handler.py", line 405, in _convert_html_to_pdf
  File "printer_handler.py", line 1281, in _convert_html_to_pdf_wkhtmltopdf
Exception: pdfkit library not installed

2025-10-22 10:02:01,047 - INFO - üîÑ Falling back to ReportLab renderer...
2025-10-22 10:02:01,054 - INFO - üìä Using optimized table-based receipt renderer
2025-10-22 10:02:01,064 - INFO - Parsed 32 CSS rules (classes + tags)
2025-10-22 10:02:01,066 - INFO -   CSS 'title1': {'font-size': '14px', 'text-align': 'center', 'font-weight': 'bold'}
2025-10-22 10:02:01,071 - INFO -   CSS 'tds-footer': {'font-size': '11px', 'font-weight': 'bold', 'text-align': 'center', 'width': '100%', 'margin': '0'}
2025-10-22 10:02:01,078 - INFO -   CSS 'columnsSkontrino': {'font-weight': '500', 'font-size': '11px', 'color': '#000'}
2025-10-22 10:02:01,081 - INFO -   CSS 'columnsPershkrim': {'font-weight': '600', 'font-size': '11px', 'color': '#000'}
2025-10-22 10:02:01,085 - INFO -   CSS 'columnsTotal': {'padding-top': '20px', 'font-size': '14px', 'color': '#000'}
2025-10-22 10:02:01,091 - INFO -   CSS 'tfoot': {'text-align': 'center'}
2025-10-22 10:02:01,095 - INFO -   CSS 'center-text': {'text-align': 'center'}
2025-10-22 10:02:01,102 - INFO - Using font scale: 0.95 (95%)
2025-10-22 10:02:01,110 - INFO - Receipt PDF created successfully: C:\Users\user\AppData\Local\Temp\tmpjjx6jbq5.pdf
2025-10-22 10:02:01,113 - INFO - ‚úÖ PDF created: C:\Users\user\AppData\Local\Temp\tmpjjx6jbq5.pdf (1931 bytes)
2025-10-22 10:02:01,117 - INFO - üñ®Ô∏è Printing PDF to BANAK...
2025-10-22 10:02:01,121 - INFO - üîç Searching for SumatraPDF.exe...
2025-10-22 10:02:01,126 - DEBUG -    Checking: C:\Users\user\Desktop\ParidBackend\PrinterClientPro\Windows-Printer-Client\dist\SumatraPDF.exe
2025-10-22 10:02:01,131 - INFO - ‚úÖ Found SumatraPDF at: C:\Users\user\Desktop\ParidBackend\PrinterClientPro\Windows-Printer-Client\dist\SumatraPDF.exe
2025-10-22 10:02:01,134 - INFO - üñ®Ô∏è Using SumatraPDF to print PDF to BANAK...
2025-10-22 10:02:01,617 - INFO - ‚úÖ PDF printed successfully using SumatraPDF to BANAK
2025-10-22 10:02:01,617 - INFO - ‚úÖ HTML printed successfully via PDF conversion
2025-10-22 10:02:03,623 - INFO - Cleaned up temporary PDF: C:\Users\user\AppData\Local\Temp\tmpjjx6jbq5.pdf
2025-10-22 10:02:03,623 - INFO - ‚úÖ Print job completed successfully
2025-10-22 10:02:20,110 - INFO - üñ®Ô∏è Print request received
2025-10-22 10:02:20,111 - INFO -    Type: html
2025-10-22 10:02:20,124 - INFO -    Printer: BANAK
2025-10-22 10:02:20,179 - INFO - Printing to: BANAK (Status: Ready)
2025-10-22 10:02:20,180 - INFO - üìÑ Converting HTML to PDF...
2025-10-22 10:02:20,195 - INFO -    HTML length: 5181 characters
2025-10-22 10:02:20,200 - INFO - Using PDF converter: wkhtmltopdf
2025-10-22 10:02:20,202 - INFO - üîß Attempting wkhtmltopdf conversion...
2025-10-22 10:02:20,209 - WARNING - ‚ö†Ô∏è wkhtmltopdf conversion failed: Exception: pdfkit library not installed
2025-10-22 10:02:20,215 - DEBUG - Traceback:
Traceback (most recent call last):
  File "printer_handler.py", line 1128, in _convert_html_to_pdf_wkhtmltopdf
ModuleNotFoundError: No module named 'pdfkit'

During handling of the above exception, another exception occurred:

Traceback (most recent call last):
  File "printer_handler.py", line 405, in _convert_html_to_pdf
  File "printer_handler.py", line 1281, in _convert_html_to_pdf_wkhtmltopdf
Exception: pdfkit library not installed

2025-10-22 10:02:20,220 - INFO - üîÑ Falling back to ReportLab renderer...
2025-10-22 10:02:20,227 - INFO - üìä Using optimized table-based receipt renderer
2025-10-22 10:02:20,233 - INFO - Parsed 32 CSS rules (classes + tags)
2025-10-22 10:02:20,234 - INFO -   CSS 'title1': {'font-size': '14px', 'text-align': 'center', 'font-weight': 'bold'}
2025-10-22 10:02:20,238 - INFO -   CSS 'tds-footer': {'font-size': '11px', 'font-weight': 'bold', 'text-align': 'center', 'width': '100%', 'margin': '0'}
2025-10-22 10:02:20,242 - INFO -   CSS 'columnsSkontrino': {'font-weight': '500', 'font-size': '11px', 'color': '#000'}
2025-10-22 10:02:20,247 - INFO -   CSS 'columnsPershkrim': {'font-weight': '600', 'font-size': '11px', 'color': '#000'}
2025-10-22 10:02:20,251 - INFO -   CSS 'columnsTotal': {'padding-top': '20px', 'font-size': '14px', 'color': '#000'}
2025-10-22 10:02:20,256 - INFO -   CSS 'tfoot': {'text-align': 'center'}
2025-10-22 10:02:20,259 - INFO -   CSS 'center-text': {'text-align': 'center'}
2025-10-22 10:02:20,267 - INFO - Using font scale: 0.95 (95%)
2025-10-22 10:02:20,275 - INFO - Receipt PDF created successfully: C:\Users\user\AppData\Local\Temp\tmpgpz64p72.pdf
2025-10-22 10:02:20,278 - INFO - ‚úÖ PDF created: C:\Users\user\AppData\Local\Temp\tmpgpz64p72.pdf (2344 bytes)
2025-10-22 10:02:20,283 - INFO - üñ®Ô∏è Printing PDF to BANAK...
2025-10-22 10:02:20,287 - INFO - üîç Searching for SumatraPDF.exe...
2025-10-22 10:02:20,291 - DEBUG -    Checking: C:\Users\user\Desktop\ParidBackend\PrinterClientPro\Windows-Printer-Client\dist\SumatraPDF.exe
2025-10-22 10:02:20,294 - INFO - ‚úÖ Found SumatraPDF at: C:\Users\user\Desktop\ParidBackend\PrinterClientPro\Windows-Printer-Client\dist\SumatraPDF.exe
2025-10-22 10:02:20,299 - INFO - üñ®Ô∏è Using SumatraPDF to print PDF to BANAK...
2025-10-22 10:02:20,625 - INFO - ‚úÖ PDF printed successfully using SumatraPDF to BANAK
2025-10-22 10:02:20,625 - INFO - ‚úÖ HTML printed successfully via PDF conversion
2025-10-22 10:02:22,630 - INFO - Cleaned up temporary PDF: C:\Users\user\AppData\Local\Temp\tmpgpz64p72.pdf
2025-10-22 10:02:22,630 - INFO - ‚úÖ Print job completed successfully
2025-10-22 10:03:01,015 - INFO - üñ®Ô∏è Print request received
2025-10-22 10:03:01,016 - INFO -    Type: html
2025-10-22 10:03:01,020 - INFO -    Printer: BANAK
2025-10-22 10:03:01,032 - INFO - Printing to: BANAK (Status: Ready)
2025-10-22 10:03:01,034 - INFO - üìÑ Converting HTML to PDF...
2025-10-22 10:03:01,039 - INFO -    HTML length: 4584 characters
2025-10-22 10:03:01,047 - INFO - Using PDF converter: wkhtmltopdf
2025-10-22 10:03:01,052 - INFO - üîß Attempting wkhtmltopdf conversion...
2025-10-22 10:03:01,059 - WARNING - ‚ö†Ô∏è wkhtmltopdf conversion failed: Exception: pdfkit library not installed
2025-10-22 10:03:01,066 - DEBUG - Traceback:
Traceback (most recent call last):
  File "printer_handler.py", line 1128, in _convert_html_to_pdf_wkhtmltopdf
ModuleNotFoundError: No module named 'pdfkit'

During handling of the above exception, another exception occurred:

Traceback (most recent call last):
  File "printer_handler.py", line 405, in _convert_html_to_pdf
  File "printer_handler.py", line 1281, in _convert_html_to_pdf_wkhtmltopdf
Exception: pdfkit library not installed

2025-10-22 10:03:01,072 - INFO - üîÑ Falling back to ReportLab renderer...
2025-10-22 10:03:01,078 - INFO - üìä Using optimized table-based receipt renderer
2025-10-22 10:03:01,089 - INFO - Parsed 32 CSS rules (classes + tags)
2025-10-22 10:03:01,089 - INFO -   CSS 'title1': {'font-size': '14px', 'text-align': 'center', 'font-weight': 'bold'}
2025-10-22 10:03:01,094 - INFO -   CSS 'tds-footer': {'font-size': '11px', 'font-weight': 'bold', 'text-align': 'center', 'width': '100%', 'margin': '0'}
2025-10-22 10:03:01,099 - INFO -   CSS 'columnsSkontrino': {'font-weight': '500', 'font-size': '11px', 'color': '#000'}
2025-10-22 10:03:01,103 - INFO -   CSS 'columnsPershkrim': {'font-weight': '600', 'font-size': '11px', 'color': '#000'}
2025-10-22 10:03:01,107 - INFO -   CSS 'columnsTotal': {'padding-top': '20px', 'font-size': '14px', 'color': '#000'}
2025-10-22 10:03:01,112 - INFO -   CSS 'tfoot': {'text-align': 'center'}
2025-10-22 10:03:01,115 - INFO -   CSS 'center-text': {'text-align': 'center'}
2025-10-22 10:03:01,123 - INFO - Using font scale: 0.95 (95%)
2025-10-22 10:03:01,128 - INFO - Receipt PDF created successfully: C:\Users\user\AppData\Local\Temp\tmptght4942.pdf
2025-10-22 10:03:01,129 - INFO - ‚úÖ PDF created: C:\Users\user\AppData\Local\Temp\tmptght4942.pdf (1941 bytes)
2025-10-22 10:03:01,131 - INFO - üñ®Ô∏è Printing PDF to BANAK...
2025-10-22 10:03:01,136 - INFO - üîç Searching for SumatraPDF.exe...
2025-10-22 10:03:01,141 - DEBUG -    Checking: C:\Users\user\Desktop\ParidBackend\PrinterClientPro\Windows-Printer-Client\dist\SumatraPDF.exe
2025-10-22 10:03:01,145 - INFO - ‚úÖ Found SumatraPDF at: C:\Users\user\Desktop\ParidBackend\PrinterClientPro\Windows-Printer-Client\dist\SumatraPDF.exe
2025-10-22 10:03:01,148 - INFO - üñ®Ô∏è Using SumatraPDF to print PDF to BANAK...
2025-10-22 10:03:01,471 - INFO - ‚úÖ PDF printed successfully using SumatraPDF to BANAK
2025-10-22 10:03:01,472 - INFO - ‚úÖ HTML printed successfully via PDF conversion
2025-10-22 10:03:03,477 - INFO - Cleaned up temporary PDF: C:\Users\user\AppData\Local\Temp\tmptght4942.pdf
2025-10-22 10:03:03,477 - INFO - ‚úÖ Print job completed successfully
2025-10-22 10:26:07,277 - INFO - üñ®Ô∏è Print request received
2025-10-22 10:26:07,277 - INFO -    Type: html
2025-10-22 10:26:07,278 - INFO -    Printer: BANAK
2025-10-22 10:26:07,286 - INFO - Printing to: BANAK (Status: Ready)
2025-10-22 10:26:07,287 - INFO - üìÑ Converting HTML to PDF...
2025-10-22 10:26:07,287 - INFO -    HTML length: 4783 characters
2025-10-22 10:26:07,291 - INFO - Using PDF converter: wkhtmltopdf
2025-10-22 10:26:07,291 - INFO - üîß Attempting wkhtmltopdf conversion...
2025-10-22 10:26:07,294 - WARNING - ‚ö†Ô∏è wkhtmltopdf conversion failed: Exception: pdfkit library not installed
2025-10-22 10:26:07,296 - DEBUG - Traceback:
Traceback (most recent call last):
  File "printer_handler.py", line 1128, in _convert_html_to_pdf_wkhtmltopdf
ModuleNotFoundError: No module named 'pdfkit'

During handling of the above exception, another exception occurred:

Traceback (most recent call last):
  File "printer_handler.py", line 405, in _convert_html_to_pdf
  File "printer_handler.py", line 1281, in _convert_html_to_pdf_wkhtmltopdf
Exception: pdfkit library not installed

2025-10-22 10:26:07,297 - INFO - üîÑ Falling back to ReportLab renderer...
2025-10-22 10:26:07,302 - INFO - üìä Using optimized table-based receipt renderer
2025-10-22 10:26:07,307 - INFO - Parsed 32 CSS rules (classes + tags)
2025-10-22 10:26:07,308 - INFO -   CSS 'title1': {'font-size': '14px', 'text-align': 'center', 'font-weight': 'bold'}
2025-10-22 10:26:07,309 - INFO -   CSS 'tds-footer': {'font-size': '11px', 'font-weight': 'bold', 'text-align': 'center', 'width': '100%', 'margin': '0'}
2025-10-22 10:26:07,310 - INFO -   CSS 'columnsSkontrino': {'font-weight': '500', 'font-size': '11px', 'color': '#000'}
2025-10-22 10:26:07,312 - INFO -   CSS 'columnsPershkrim': {'font-weight': '600', 'font-size': '11px', 'color': '#000'}
2025-10-22 10:26:07,326 - INFO -   CSS 'columnsTotal': {'padding-top': '20px', 'font-size': '14px', 'color': '#000'}
2025-10-22 10:26:07,328 - INFO -   CSS 'tfoot': {'text-align': 'center'}
2025-10-22 10:26:07,329 - INFO -   CSS 'center-text': {'text-align': 'center'}
2025-10-22 10:26:07,342 - INFO - Using font scale: 0.95 (95%)
2025-10-22 10:26:07,355 - INFO - Receipt PDF created successfully: C:\Users\user\AppData\Local\Temp\tmpy34puh6h.pdf
2025-10-22 10:26:07,361 - INFO - ‚úÖ PDF created: C:\Users\user\AppData\Local\Temp\tmpy34puh6h.pdf (1974 bytes)
2025-10-22 10:26:07,371 - INFO - üñ®Ô∏è Printing PDF to BANAK...
2025-10-22 10:26:07,375 - INFO - üîç Searching for SumatraPDF.exe...
2025-10-22 10:26:07,379 - DEBUG -    Checking: C:\Users\user\Desktop\ParidBackend\PrinterClientPro\Windows-Printer-Client\dist\SumatraPDF.exe
2025-10-22 10:26:07,384 - INFO - ‚úÖ Found SumatraPDF at: C:\Users\user\Desktop\ParidBackend\PrinterClientPro\Windows-Printer-Client\dist\SumatraPDF.exe
2025-10-22 10:26:07,390 - INFO - üñ®Ô∏è Using SumatraPDF to print PDF to BANAK...
2025-10-22 10:26:07,807 - INFO - ‚úÖ PDF printed successfully using SumatraPDF to BANAK
2025-10-22 10:26:07,808 - INFO - ‚úÖ HTML printed successfully via PDF conversion
2025-10-22 10:26:09,813 - INFO - Cleaned up temporary PDF: C:\Users\user\AppData\Local\Temp\tmpy34puh6h.pdf
2025-10-22 10:26:09,814 - INFO - ‚úÖ Print job completed successfully
2025-10-22 10:28:46,071 - INFO - üñ®Ô∏è Print request received
2025-10-22 10:28:46,072 - INFO -    Type: html
2025-10-22 10:28:46,073 - INFO -    Printer: BANAK
2025-10-22 10:28:46,078 - INFO - Printing to: BANAK (Status: Ready)
2025-10-22 10:28:46,078 - INFO - üìÑ Converting HTML to PDF...
2025-10-22 10:28:46,079 - INFO -    HTML length: 4611 characters
2025-10-22 10:28:46,082 - INFO - Using PDF converter: wkhtmltopdf
2025-10-22 10:28:46,083 - INFO - üîß Attempting wkhtmltopdf conversion...
2025-10-22 10:28:46,085 - WARNING - ‚ö†Ô∏è wkhtmltopdf conversion failed: Exception: pdfkit library not installed
2025-10-22 10:28:46,091 - DEBUG - Traceback:
Traceback (most recent call last):
  File "printer_handler.py", line 1128, in _convert_html_to_pdf_wkhtmltopdf
ModuleNotFoundError: No module named 'pdfkit'

During handling of the above exception, another exception occurred:

Traceback (most recent call last):
  File "printer_handler.py", line 405, in _convert_html_to_pdf
  File "printer_handler.py", line 1281, in _convert_html_to_pdf_wkhtmltopdf
Exception: pdfkit library not installed

2025-10-22 10:28:46,091 - INFO - üîÑ Falling back to ReportLab renderer...
2025-10-22 10:28:46,097 - INFO - üìä Using optimized table-based receipt renderer
2025-10-22 10:28:46,104 - INFO - Parsed 32 CSS rules (classes + tags)
2025-10-22 10:28:46,104 - INFO -   CSS 'title1': {'font-size': '14px', 'text-align': 'center', 'font-weight': 'bold'}
2025-10-22 10:28:46,105 - INFO -   CSS 'tds-footer': {'font-size': '11px', 'font-weight': 'bold', 'text-align': 'center', 'width': '100%', 'margin': '0'}
2025-10-22 10:28:46,106 - INFO -   CSS 'columnsSkontrino': {'font-weight': '500', 'font-size': '11px', 'color': '#000'}
2025-10-22 10:28:46,108 - INFO -   CSS 'columnsPershkrim': {'font-weight': '600', 'font-size': '11px', 'color': '#000'}
2025-10-22 10:28:46,124 - INFO -   CSS 'columnsTotal': {'padding-top': '20px', 'font-size': '14px', 'color': '#000'}
2025-10-22 10:28:46,125 - INFO -   CSS 'tfoot': {'text-align': 'center'}
2025-10-22 10:28:46,127 - INFO -   CSS 'center-text': {'text-align': 'center'}
2025-10-22 10:28:46,133 - INFO - Using font scale: 0.95 (95%)
2025-10-22 10:28:46,141 - INFO - Receipt PDF created successfully: C:\Users\user\AppData\Local\Temp\tmp0_ruqzxn.pdf
2025-10-22 10:28:46,150 - INFO - ‚úÖ PDF created: C:\Users\user\AppData\Local\Temp\tmp0_ruqzxn.pdf (1939 bytes)
2025-10-22 10:28:46,150 - INFO - üñ®Ô∏è Printing PDF to BANAK...
2025-10-22 10:28:46,155 - INFO - üîç Searching for SumatraPDF.exe...
2025-10-22 10:28:46,160 - DEBUG -    Checking: C:\Users\user\Desktop\ParidBackend\PrinterClientPro\Windows-Printer-Client\dist\SumatraPDF.exe
2025-10-22 10:28:46,166 - INFO - ‚úÖ Found SumatraPDF at: C:\Users\user\Desktop\ParidBackend\PrinterClientPro\Windows-Printer-Client\dist\SumatraPDF.exe
2025-10-22 10:28:46,172 - INFO - üñ®Ô∏è Using SumatraPDF to print PDF to BANAK...
2025-10-22 10:28:46,534 - INFO - ‚úÖ PDF printed successfully using SumatraPDF to BANAK
2025-10-22 10:28:46,534 - INFO - ‚úÖ HTML printed successfully via PDF conversion
2025-10-22 10:28:48,540 - INFO - Cleaned up temporary PDF: C:\Users\user\AppData\Local\Temp\tmp0_ruqzxn.pdf
2025-10-22 10:28:48,541 - INFO - ‚úÖ Print job completed successfully
2025-10-22 10:30:02,253 - INFO - üñ®Ô∏è Print request received
2025-10-22 10:30:02,254 - INFO -    Type: html
2025-10-22 10:30:02,257 - INFO -    Printer: BANAK
2025-10-22 10:30:02,267 - INFO - Printing to: BANAK (Status: Ready)
2025-10-22 10:30:02,268 - INFO - üìÑ Converting HTML to PDF...
2025-10-22 10:30:02,274 - INFO -    HTML length: 4539 characters
2025-10-22 10:30:02,281 - INFO - Using PDF converter: wkhtmltopdf
2025-10-22 10:30:02,285 - INFO - üîß Attempting wkhtmltopdf conversion...
2025-10-22 10:30:02,291 - WARNING - ‚ö†Ô∏è wkhtmltopdf conversion failed: Exception: pdfkit library not installed
2025-10-22 10:30:02,297 - DEBUG - Traceback:
Traceback (most recent call last):
  File "printer_handler.py", line 1128, in _convert_html_to_pdf_wkhtmltopdf
ModuleNotFoundError: No module named 'pdfkit'

During handling of the above exception, another exception occurred:

Traceback (most recent call last):
  File "printer_handler.py", line 405, in _convert_html_to_pdf
  File "printer_handler.py", line 1281, in _convert_html_to_pdf_wkhtmltopdf
Exception: pdfkit library not installed

2025-10-22 10:30:02,303 - INFO - üîÑ Falling back to ReportLab renderer...
2025-10-22 10:30:02,308 - INFO - üìä Using optimized table-based receipt renderer
2025-10-22 10:30:02,316 - INFO - Parsed 32 CSS rules (classes + tags)
2025-10-22 10:30:02,317 - INFO -   CSS 'title1': {'font-size': '14px', 'text-align': 'center', 'font-weight': 'bold'}
2025-10-22 10:30:02,324 - INFO -   CSS 'tds-footer': {'font-size': '11px', 'font-weight': 'bold', 'text-align': 'center', 'width': '100%', 'margin': '0'}
2025-10-22 10:30:02,330 - INFO -   CSS 'columnsSkontrino': {'font-weight': '500', 'font-size': '11px', 'color': '#000'}
2025-10-22 10:30:02,337 - INFO -   CSS 'columnsPershkrim': {'font-weight': '600', 'font-size': '11px', 'color': '#000'}
2025-10-22 10:30:02,343 - INFO -   CSS 'columnsTotal': {'padding-top': '20px', 'font-size': '14px', 'color': '#000'}
2025-10-22 10:30:02,348 - INFO -   CSS 'tfoot': {'text-align': 'center'}
2025-10-22 10:30:02,354 - INFO -   CSS 'center-text': {'text-align': 'center'}
2025-10-22 10:30:02,363 - INFO - Using font scale: 0.95 (95%)
2025-10-22 10:30:02,372 - INFO - Receipt PDF created successfully: C:\Users\user\AppData\Local\Temp\tmphs4k35_z.pdf
2025-10-22 10:30:02,385 - INFO - ‚úÖ PDF created: C:\Users\user\AppData\Local\Temp\tmphs4k35_z.pdf (1930 bytes)
2025-10-22 10:30:02,389 - INFO - üñ®Ô∏è Printing PDF to BANAK...
2025-10-22 10:30:02,393 - INFO - üîç Searching for SumatraPDF.exe...
2025-10-22 10:30:02,397 - DEBUG -    Checking: C:\Users\user\Desktop\ParidBackend\PrinterClientPro\Windows-Printer-Client\dist\SumatraPDF.exe
2025-10-22 10:30:02,403 - INFO - ‚úÖ Found SumatraPDF at: C:\Users\user\Desktop\ParidBackend\PrinterClientPro\Windows-Printer-Client\dist\SumatraPDF.exe
2025-10-22 10:30:02,407 - INFO - üñ®Ô∏è Using SumatraPDF to print PDF to BANAK...
2025-10-22 10:30:02,822 - INFO - ‚úÖ PDF printed successfully using SumatraPDF to BANAK
2025-10-22 10:30:02,823 - INFO - ‚úÖ HTML printed successfully via PDF conversion
2025-10-22 10:30:04,828 - INFO - Cleaned up temporary PDF: C:\Users\user\AppData\Local\Temp\tmphs4k35_z.pdf
2025-10-22 10:30:04,828 - INFO - ‚úÖ Print job completed successfully
2025-10-22 10:30:35,252 - INFO - üñ®Ô∏è Print request received
2025-10-22 10:30:35,252 - INFO -    Type: html
2025-10-22 10:30:35,257 - INFO -    Printer: BANAK
2025-10-22 10:30:35,266 - INFO - Printing to: BANAK (Status: Ready)
2025-10-22 10:30:35,271 - INFO - üìÑ Converting HTML to PDF...
2025-10-22 10:30:35,279 - INFO -    HTML length: 4480 characters
2025-10-22 10:30:35,289 - INFO - Using PDF converter: wkhtmltopdf
2025-10-22 10:30:35,292 - INFO - üîß Attempting wkhtmltopdf conversion...
2025-10-22 10:30:35,301 - WARNING - ‚ö†Ô∏è wkhtmltopdf conversion failed: Exception: pdfkit library not installed
2025-10-22 10:30:35,307 - DEBUG - Traceback:
Traceback (most recent call last):
  File "printer_handler.py", line 1128, in _convert_html_to_pdf_wkhtmltopdf
ModuleNotFoundError: No module named 'pdfkit'

During handling of the above exception, another exception occurred:

Traceback (most recent call last):
  File "printer_handler.py", line 405, in _convert_html_to_pdf
  File "printer_handler.py", line 1281, in _convert_html_to_pdf_wkhtmltopdf
Exception: pdfkit library not installed

2025-10-22 10:30:35,313 - INFO - üîÑ Falling back to ReportLab renderer...
2025-10-22 10:30:35,320 - INFO - üìä Using optimized table-based receipt renderer
2025-10-22 10:30:35,345 - INFO - Parsed 32 CSS rules (classes + tags)
2025-10-22 10:30:35,349 - INFO -   CSS 'title1': {'font-size': '14px', 'text-align': 'center', 'font-weight': 'bold'}
2025-10-22 10:30:35,352 - INFO -   CSS 'tds-footer': {'font-size': '11px', 'font-weight': 'bold', 'text-align': 'center', 'width': '100%', 'margin': '0'}
2025-10-22 10:30:35,356 - INFO -   CSS 'columnsSkontrino': {'font-weight': '500', 'font-size': '11px', 'color': '#000'}
2025-10-22 10:30:35,361 - INFO -   CSS 'columnsPershkrim': {'font-weight': '600', 'font-size': '11px', 'color': '#000'}
2025-10-22 10:30:35,365 - INFO -   CSS 'columnsTotal': {'padding-top': '20px', 'font-size': '14px', 'color': '#000'}
2025-10-22 10:30:35,369 - INFO -   CSS 'tfoot': {'text-align': 'center'}
2025-10-22 10:30:35,373 - INFO -   CSS 'center-text': {'text-align': 'center'}
2025-10-22 10:30:35,380 - INFO - Using font scale: 0.95 (95%)
2025-10-22 10:30:35,387 - INFO - Receipt PDF created successfully: C:\Users\user\AppData\Local\Temp\tmpe969mz6m.pdf
2025-10-22 10:30:35,389 - INFO - ‚úÖ PDF created: C:\Users\user\AppData\Local\Temp\tmpe969mz6m.pdf (1910 bytes)
2025-10-22 10:30:35,393 - INFO - üñ®Ô∏è Printing PDF to BANAK...
2025-10-22 10:30:35,397 - INFO - üîç Searching for SumatraPDF.exe...
2025-10-22 10:30:35,400 - DEBUG -    Checking: C:\Users\user\Desktop\ParidBackend\PrinterClientPro\Windows-Printer-Client\dist\SumatraPDF.exe
2025-10-22 10:30:35,403 - INFO - ‚úÖ Found SumatraPDF at: C:\Users\user\Desktop\ParidBackend\PrinterClientPro\Windows-Printer-Client\dist\SumatraPDF.exe
2025-10-22 10:30:35,408 - INFO - üñ®Ô∏è Using SumatraPDF to print PDF to BANAK...
2025-10-22 10:30:35,732 - INFO - ‚úÖ PDF printed successfully using SumatraPDF to BANAK
2025-10-22 10:30:35,733 - INFO - ‚úÖ HTML printed successfully via PDF conversion
2025-10-22 10:30:37,738 - INFO - Cleaned up temporary PDF: C:\Users\user\AppData\Local\Temp\tmpe969mz6m.pdf
2025-10-22 10:30:37,739 - INFO - ‚úÖ Print job completed successfully
2025-10-22 10:30:46,376 - INFO - üñ®Ô∏è Print request received
2025-10-22 10:30:46,376 - INFO -    Type: html
2025-10-22 10:30:46,381 - INFO -    Printer: BANAK
2025-10-22 10:30:46,403 - INFO - Printing to: BANAK (Status: Ready)
2025-10-22 10:30:46,403 - INFO - üìÑ Converting HTML to PDF...
2025-10-22 10:30:46,409 - INFO -    HTML length: 4552 characters
2025-10-22 10:30:46,417 - INFO - Using PDF converter: wkhtmltopdf
2025-10-22 10:30:46,421 - INFO - üîß Attempting wkhtmltopdf conversion...
2025-10-22 10:30:46,427 - WARNING - ‚ö†Ô∏è wkhtmltopdf conversion failed: Exception: pdfkit library not installed
2025-10-22 10:30:46,452 - DEBUG - Traceback:
Traceback (most recent call last):
  File "printer_handler.py", line 1128, in _convert_html_to_pdf_wkhtmltopdf
ModuleNotFoundError: No module named 'pdfkit'

During handling of the above exception, another exception occurred:

Traceback (most recent call last):
  File "printer_handler.py", line 405, in _convert_html_to_pdf
  File "printer_handler.py", line 1281, in _convert_html_to_pdf_wkhtmltopdf
Exception: pdfkit library not installed

2025-10-22 10:30:46,457 - INFO - üîÑ Falling back to ReportLab renderer...
2025-10-22 10:30:46,465 - INFO - üìä Using optimized table-based receipt renderer
2025-10-22 10:30:46,476 - INFO - Parsed 32 CSS rules (classes + tags)
2025-10-22 10:30:46,477 - INFO -   CSS 'title1': {'font-size': '14px', 'text-align': 'center', 'font-weight': 'bold'}
2025-10-22 10:30:46,480 - INFO -   CSS 'tds-footer': {'font-size': '11px', 'font-weight': 'bold', 'text-align': 'center', 'width': '100%', 'margin': '0'}
2025-10-22 10:30:46,497 - INFO -   CSS 'columnsSkontrino': {'font-weight': '500', 'font-size': '11px', 'color': '#000'}
2025-10-22 10:30:46,501 - INFO -   CSS 'columnsPershkrim': {'font-weight': '600', 'font-size': '11px', 'color': '#000'}
2025-10-22 10:30:46,506 - INFO -   CSS 'columnsTotal': {'padding-top': '20px', 'font-size': '14px', 'color': '#000'}
2025-10-22 10:30:46,510 - INFO -   CSS 'tfoot': {'text-align': 'center'}
2025-10-22 10:30:46,514 - INFO -   CSS 'center-text': {'text-align': 'center'}
2025-10-22 10:30:46,523 - INFO - Using font scale: 0.95 (95%)
2025-10-22 10:30:46,535 - INFO - Receipt PDF created successfully: C:\Users\user\AppData\Local\Temp\tmpkbmxwg0z.pdf
2025-10-22 10:30:46,544 - INFO - ‚úÖ PDF created: C:\Users\user\AppData\Local\Temp\tmpkbmxwg0z.pdf (1931 bytes)
2025-10-22 10:30:46,548 - INFO - üñ®Ô∏è Printing PDF to BANAK...
2025-10-22 10:30:46,553 - INFO - üîç Searching for SumatraPDF.exe...
2025-10-22 10:30:46,558 - DEBUG -    Checking: C:\Users\user\Desktop\ParidBackend\PrinterClientPro\Windows-Printer-Client\dist\SumatraPDF.exe
2025-10-22 10:30:46,564 - INFO - ‚úÖ Found SumatraPDF at: C:\Users\user\Desktop\ParidBackend\PrinterClientPro\Windows-Printer-Client\dist\SumatraPDF.exe
2025-10-22 10:30:46,568 - INFO - üñ®Ô∏è Using SumatraPDF to print PDF to BANAK...
2025-10-22 10:30:46,889 - INFO - ‚úÖ PDF printed successfully using SumatraPDF to BANAK
2025-10-22 10:30:46,890 - INFO - ‚úÖ HTML printed successfully via PDF conversion
2025-10-22 10:30:48,895 - INFO - Cleaned up temporary PDF: C:\Users\user\AppData\Local\Temp\tmpkbmxwg0z.pdf
2025-10-22 10:30:48,896 - INFO - ‚úÖ Print job completed successfully
2025-10-22 10:31:56,720 - INFO - üñ®Ô∏è Print request received
2025-10-22 10:31:56,723 - INFO -    Type: html
2025-10-22 10:31:56,727 - INFO -    Printer: BANAK
2025-10-22 10:31:56,739 - INFO - Printing to: BANAK (Status: Ready)
2025-10-22 10:31:56,741 - INFO - üìÑ Converting HTML to PDF...
2025-10-22 10:31:56,748 - INFO -    HTML length: 4480 characters
2025-10-22 10:31:56,758 - INFO - Using PDF converter: wkhtmltopdf
2025-10-22 10:31:56,763 - INFO - üîß Attempting wkhtmltopdf conversion...
2025-10-22 10:31:56,770 - WARNING - ‚ö†Ô∏è wkhtmltopdf conversion failed: Exception: pdfkit library not installed
2025-10-22 10:31:56,777 - DEBUG - Traceback:
Traceback (most recent call last):
  File "printer_handler.py", line 1128, in _convert_html_to_pdf_wkhtmltopdf
ModuleNotFoundError: No module named 'pdfkit'

During handling of the above exception, another exception occurred:

Traceback (most recent call last):
  File "printer_handler.py", line 405, in _convert_html_to_pdf
  File "printer_handler.py", line 1281, in _convert_html_to_pdf_wkhtmltopdf
Exception: pdfkit library not installed

2025-10-22 10:31:56,782 - INFO - üîÑ Falling back to ReportLab renderer...
2025-10-22 10:31:56,789 - INFO - üìä Using optimized table-based receipt renderer
2025-10-22 10:31:56,796 - INFO - Parsed 32 CSS rules (classes + tags)
2025-10-22 10:31:56,798 - INFO -   CSS 'title1': {'font-size': '14px', 'text-align': 'center', 'font-weight': 'bold'}
2025-10-22 10:31:56,803 - INFO -   CSS 'tds-footer': {'font-size': '11px', 'font-weight': 'bold', 'text-align': 'center', 'width': '100%', 'margin': '0'}
2025-10-22 10:31:56,808 - INFO -   CSS 'columnsSkontrino': {'font-weight': '500', 'font-size': '11px', 'color': '#000'}
2025-10-22 10:31:56,815 - INFO -   CSS 'columnsPershkrim': {'font-weight': '600', 'font-size': '11px', 'color': '#000'}
2025-10-22 10:31:56,820 - INFO -   CSS 'columnsTotal': {'padding-top': '20px', 'font-size': '14px', 'color': '#000'}
2025-10-22 10:31:56,844 - INFO -   CSS 'tfoot': {'text-align': 'center'}
2025-10-22 10:31:56,858 - INFO -   CSS 'center-text': {'text-align': 'center'}
2025-10-22 10:31:56,877 - INFO - Using font scale: 0.95 (95%)
2025-10-22 10:31:56,887 - INFO - Receipt PDF created successfully: C:\Users\user\AppData\Local\Temp\tmpefqbol3w.pdf
2025-10-22 10:31:56,888 - INFO - ‚úÖ PDF created: C:\Users\user\AppData\Local\Temp\tmpefqbol3w.pdf (1910 bytes)
2025-10-22 10:31:56,894 - INFO - üñ®Ô∏è Printing PDF to BANAK...
2025-10-22 10:31:56,899 - INFO - üîç Searching for SumatraPDF.exe...
2025-10-22 10:31:56,903 - DEBUG -    Checking: C:\Users\user\Desktop\ParidBackend\PrinterClientPro\Windows-Printer-Client\dist\SumatraPDF.exe
2025-10-22 10:31:56,910 - INFO - ‚úÖ Found SumatraPDF at: C:\Users\user\Desktop\ParidBackend\PrinterClientPro\Windows-Printer-Client\dist\SumatraPDF.exe
2025-10-22 10:31:56,916 - INFO - üñ®Ô∏è Using SumatraPDF to print PDF to BANAK...
2025-10-22 10:31:57,294 - INFO - ‚úÖ PDF printed successfully using SumatraPDF to BANAK
2025-10-22 10:31:57,295 - INFO - ‚úÖ HTML printed successfully via PDF conversion
2025-10-22 10:31:59,299 - INFO - Cleaned up temporary PDF: C:\Users\user\AppData\Local\Temp\tmpefqbol3w.pdf
2025-10-22 10:31:59,300 - INFO - ‚úÖ Print job completed successfully
2025-10-22 10:32:09,322 - INFO - üñ®Ô∏è Print request received
2025-10-22 10:32:09,323 - INFO -    Type: html
2025-10-22 10:32:09,330 - INFO -    Printer: BANAK
2025-10-22 10:32:09,343 - INFO - Printing to: BANAK (Status: Ready)
2025-10-22 10:32:09,345 - INFO - üìÑ Converting HTML to PDF...
2025-10-22 10:32:09,352 - INFO -    HTML length: 4529 characters
2025-10-22 10:32:09,366 - INFO - Using PDF converter: wkhtmltopdf
2025-10-22 10:32:09,370 - INFO - üîß Attempting wkhtmltopdf conversion...
2025-10-22 10:32:09,381 - WARNING - ‚ö†Ô∏è wkhtmltopdf conversion failed: Exception: pdfkit library not installed
2025-10-22 10:32:09,388 - DEBUG - Traceback:
Traceback (most recent call last):
  File "printer_handler.py", line 1128, in _convert_html_to_pdf_wkhtmltopdf
ModuleNotFoundError: No module named 'pdfkit'

During handling of the above exception, another exception occurred:

Traceback (most recent call last):
  File "printer_handler.py", line 405, in _convert_html_to_pdf
  File "printer_handler.py", line 1281, in _convert_html_to_pdf_wkhtmltopdf
Exception: pdfkit library not installed

2025-10-22 10:32:09,393 - INFO - üîÑ Falling back to ReportLab renderer...
2025-10-22 10:32:09,400 - INFO - üìä Using optimized table-based receipt renderer
2025-10-22 10:32:09,411 - INFO - Parsed 32 CSS rules (classes + tags)
2025-10-22 10:32:09,412 - INFO -   CSS 'title1': {'font-size': '14px', 'text-align': 'center', 'font-weight': 'bold'}
2025-10-22 10:32:09,417 - INFO -   CSS 'tds-footer': {'font-size': '11px', 'font-weight': 'bold', 'text-align': 'center', 'width': '100%', 'margin': '0'}
2025-10-22 10:32:09,423 - INFO -   CSS 'columnsSkontrino': {'font-weight': '500', 'font-size': '11px', 'color': '#000'}
2025-10-22 10:32:09,429 - INFO -   CSS 'columnsPershkrim': {'font-weight': '600', 'font-size': '11px', 'color': '#000'}
2025-10-22 10:32:09,448 - INFO -   CSS 'columnsTotal': {'padding-top': '20px', 'font-size': '14px', 'color': '#000'}
2025-10-22 10:32:09,452 - INFO -   CSS 'tfoot': {'text-align': 'center'}
2025-10-22 10:32:09,456 - INFO -   CSS 'center-text': {'text-align': 'center'}
2025-10-22 10:32:09,463 - INFO - Using font scale: 0.95 (95%)
2025-10-22 10:32:09,469 - INFO - Receipt PDF created successfully: C:\Users\user\AppData\Local\Temp\tmp6lkgzsm0.pdf
2025-10-22 10:32:09,471 - INFO - ‚úÖ PDF created: C:\Users\user\AppData\Local\Temp\tmp6lkgzsm0.pdf (1928 bytes)
2025-10-22 10:32:09,475 - INFO - üñ®Ô∏è Printing PDF to BANAK...
2025-10-22 10:32:09,480 - INFO - üîç Searching for SumatraPDF.exe...
2025-10-22 10:32:09,483 - DEBUG -    Checking: C:\Users\user\Desktop\ParidBackend\PrinterClientPro\Windows-Printer-Client\dist\SumatraPDF.exe
2025-10-22 10:32:09,487 - INFO - ‚úÖ Found SumatraPDF at: C:\Users\user\Desktop\ParidBackend\PrinterClientPro\Windows-Printer-Client\dist\SumatraPDF.exe
2025-10-22 10:32:09,493 - INFO - üñ®Ô∏è Using SumatraPDF to print PDF to BANAK...
2025-10-22 10:32:09,798 - INFO - ‚úÖ PDF printed successfully using SumatraPDF to BANAK
2025-10-22 10:32:09,799 - INFO - ‚úÖ HTML printed successfully via PDF conversion
2025-10-22 10:32:11,803 - INFO - Cleaned up temporary PDF: C:\Users\user\AppData\Local\Temp\tmp6lkgzsm0.pdf
2025-10-22 10:32:11,804 - INFO - ‚úÖ Print job completed successfully
2025-10-22 14:14:10,118 - INFO - üíæ Configuration saved to: C:\Users\user\Desktop\ParidBackend\PrinterClientPro\Windows-Printer-Client\dist\.env
2025-10-22 14:14:38,050 - INFO - üíæ Configuration saved to: C:\Users\user\Desktop\ParidBackend\PrinterClientPro\Windows-Printer-Client\dist\.env
2025-10-22 14:14:53,490 - INFO - ‚öôÔ∏è Opening properties for: BANAK
2025-10-22 14:14:56,842 - INFO - ‚öôÔ∏è Opening properties for: BANAK
2025-10-22 14:15:23,838 - INFO - üß™ Sending test print to BANAK...
2025-10-22 14:15:23,847 - INFO - Printing to: BANAK (Status: Ready)
2025-10-22 14:15:24,139 - INFO - Print job completed successfully: Test Print
2025-10-22 14:15:24,142 - INFO - ‚úÖ Test print sent successfully
2025-10-22 14:15:24,156 - DEBUG - Could not get jobs for BANAK: No module named 'win32timezone'
2025-10-22 14:15:45,078 - INFO - üíæ Configuration saved to: C:\Users\user\Desktop\ParidBackend\PrinterClientPro\Windows-Printer-Client\dist\.env
2025-10-22 14:15:47,982 - INFO - üíæ Configuration saved to: C:\Users\user\Desktop\ParidBackend\PrinterClientPro\Windows-Printer-Client\dist\.env
2025-10-22 14:16:06,945 - INFO - üóëÔ∏è Log cleared
2025-10-22 14:16:07,181 - INFO - üóëÔ∏è Log cleared
2025-10-22 14:16:16,052 - WARNING - ‚ö†Ô∏è Disconnected from server
2025-10-22 14:16:16,056 - INFO - üîå Disconnected from server
2025-10-22 14:16:16,758 - INFO - üîÑ Connecting to https://socket.pss.al/test...
2025-10-22 14:16:17,051 - INFO - üì® Status: Printer client connected and joined room
2025-10-22 14:16:17,052 - INFO - ‚úÖ Successfully connected to Backend-Socket server
2025-10-22 14:16:24,346 - INFO - üñ®Ô∏è Print request received
2025-10-22 14:16:24,346 - INFO -    Type: html
2025-10-22 14:16:24,347 - INFO -    Printer: BANAK
2025-10-22 14:16:24,352 - INFO - Printing to: BANAK (Status: Ready)
2025-10-22 14:16:24,357 - INFO - üìÑ Converting HTML to PDF...
2025-10-22 14:16:24,357 - INFO -    HTML length: 4480 characters
2025-10-22 14:16:24,361 - INFO - Using PDF converter: wkhtmltopdf
2025-10-22 14:16:24,362 - INFO - üîß Attempting wkhtmltopdf conversion...
2025-10-22 14:16:24,365 - WARNING - ‚ö†Ô∏è wkhtmltopdf conversion failed: Exception: pdfkit library not installed
2025-10-22 14:16:24,368 - DEBUG - Traceback:
Traceback (most recent call last):
  File "printer_handler.py", line 1128, in _convert_html_to_pdf_wkhtmltopdf
ModuleNotFoundError: No module named 'pdfkit'

During handling of the above exception, another exception occurred:

Traceback (most recent call last):
  File "printer_handler.py", line 405, in _convert_html_to_pdf
  File "printer_handler.py", line 1281, in _convert_html_to_pdf_wkhtmltopdf
Exception: pdfkit library not installed

2025-10-22 14:16:24,377 - INFO - üîÑ Falling back to ReportLab renderer...
2025-10-22 14:16:24,388 - INFO - üìä Using optimized table-based receipt renderer
2025-10-22 14:16:24,393 - INFO - Parsed 32 CSS rules (classes + tags)
2025-10-22 14:16:24,394 - INFO -   CSS 'title1': {'font-size': '14px', 'text-align': 'center', 'font-weight': 'bold'}
2025-10-22 14:16:24,396 - INFO -   CSS 'tds-footer': {'font-size': '11px', 'font-weight': 'bold', 'text-align': 'center', 'width': '100%', 'margin': '0'}
2025-10-22 14:16:24,398 - INFO -   CSS 'columnsSkontrino': {'font-weight': '500', 'font-size': '11px', 'color': '#000'}
2025-10-22 14:16:24,400 - INFO -   CSS 'columnsPershkrim': {'font-weight': '600', 'font-size': '11px', 'color': '#000'}
2025-10-22 14:16:24,402 - INFO -   CSS 'columnsTotal': {'padding-top': '20px', 'font-size': '14px', 'color': '#000'}
2025-10-22 14:16:24,407 - INFO -   CSS 'tfoot': {'text-align': 'center'}
2025-10-22 14:16:24,412 - INFO -   CSS 'center-text': {'text-align': 'center'}
2025-10-22 14:16:24,421 - INFO - Using font scale: 0.95 (95%)
2025-10-22 14:16:24,437 - INFO - Receipt PDF created successfully: C:\Users\user\AppData\Local\Temp\tmpiupul48y.pdf
2025-10-22 14:16:24,438 - INFO - ‚úÖ PDF created: C:\Users\user\AppData\Local\Temp\tmpiupul48y.pdf (1910 bytes)
2025-10-22 14:16:24,443 - INFO - üñ®Ô∏è Printing PDF to BANAK...
2025-10-22 14:16:24,449 - INFO - üîç Searching for SumatraPDF.exe...
2025-10-22 14:16:24,454 - DEBUG -    Checking: C:\Users\user\Desktop\ParidBackend\PrinterClientPro\Windows-Printer-Client\dist\SumatraPDF.exe
2025-10-22 14:16:24,460 - INFO - ‚úÖ Found SumatraPDF at: C:\Users\user\Desktop\ParidBackend\PrinterClientPro\Windows-Printer-Client\dist\SumatraPDF.exe
2025-10-22 14:16:24,466 - INFO - üñ®Ô∏è Using SumatraPDF to print PDF to BANAK...
2025-10-22 14:16:24,989 - INFO - ‚úÖ PDF printed successfully using SumatraPDF to BANAK
2025-10-22 14:16:24,989 - INFO - ‚úÖ HTML printed successfully via PDF conversion
2025-10-22 14:16:26,995 - INFO - Cleaned up temporary PDF: C:\Users\user\AppData\Local\Temp\tmpiupul48y.pdf
2025-10-22 14:16:26,995 - INFO - ‚úÖ Print job completed successfully
2025-10-22 14:16:52,631 - INFO - üñ®Ô∏è Print request received
2025-10-22 14:16:52,632 - INFO -    Type: html
2025-10-22 14:16:52,651 - INFO -    Printer: BANAK
2025-10-22 14:16:52,659 - INFO - Printing to: BANAK (Status: Ready)
2025-10-22 14:16:52,664 - INFO - üìÑ Converting HTML to PDF...
2025-10-22 14:16:52,671 - INFO -    HTML length: 4532 characters
2025-10-22 14:16:52,680 - INFO - Using PDF converter: wkhtmltopdf
2025-10-22 14:16:52,683 - INFO - üîß Attempting wkhtmltopdf conversion...
2025-10-22 14:16:52,690 - WARNING - ‚ö†Ô∏è wkhtmltopdf conversion failed: Exception: pdfkit library not installed
2025-10-22 14:16:52,696 - DEBUG - Traceback:
Traceback (most recent call last):
  File "printer_handler.py", line 1128, in _convert_html_to_pdf_wkhtmltopdf
ModuleNotFoundError: No module named 'pdfkit'

During handling of the above exception, another exception occurred:

Traceback (most recent call last):
  File "printer_handler.py", line 405, in _convert_html_to_pdf
  File "printer_handler.py", line 1281, in _convert_html_to_pdf_wkhtmltopdf
Exception: pdfkit library not installed

2025-10-22 14:16:52,701 - INFO - üîÑ Falling back to ReportLab renderer...
2025-10-22 14:16:52,709 - INFO - üìä Using optimized table-based receipt renderer
2025-10-22 14:16:52,717 - INFO - Parsed 32 CSS rules (classes + tags)
2025-10-22 14:16:52,718 - INFO -   CSS 'title1': {'font-size': '14px', 'text-align': 'center', 'font-weight': 'bold'}
2025-10-22 14:16:52,723 - INFO -   CSS 'tds-footer': {'font-size': '11px', 'font-weight': 'bold', 'text-align': 'center', 'width': '100%', 'margin': '0'}
2025-10-22 14:16:52,728 - INFO -   CSS 'columnsSkontrino': {'font-weight': '500', 'font-size': '11px', 'color': '#000'}
2025-10-22 14:16:52,732 - INFO -   CSS 'columnsPershkrim': {'font-weight': '600', 'font-size': '11px', 'color': '#000'}
2025-10-22 14:16:52,738 - INFO -   CSS 'columnsTotal': {'padding-top': '20px', 'font-size': '14px', 'color': '#000'}
2025-10-22 14:16:52,745 - INFO -   CSS 'tfoot': {'text-align': 'center'}
2025-10-22 14:16:52,751 - INFO -   CSS 'center-text': {'text-align': 'center'}
2025-10-22 14:16:52,760 - INFO - Using font scale: 0.95 (95%)
2025-10-22 14:16:52,770 - INFO - Receipt PDF created successfully: C:\Users\user\AppData\Local\Temp\tmp1jg33rrv.pdf
2025-10-22 14:16:52,773 - INFO - ‚úÖ PDF created: C:\Users\user\AppData\Local\Temp\tmp1jg33rrv.pdf (1925 bytes)
2025-10-22 14:16:52,779 - INFO - üñ®Ô∏è Printing PDF to BANAK...
2025-10-22 14:16:52,784 - INFO - üîç Searching for SumatraPDF.exe...
2025-10-22 14:16:52,791 - DEBUG -    Checking: C:\Users\user\Desktop\ParidBackend\PrinterClientPro\Windows-Printer-Client\dist\SumatraPDF.exe
2025-10-22 14:16:52,796 - INFO - ‚úÖ Found SumatraPDF at: C:\Users\user\Desktop\ParidBackend\PrinterClientPro\Windows-Printer-Client\dist\SumatraPDF.exe
2025-10-22 14:16:52,801 - INFO - üñ®Ô∏è Using SumatraPDF to print PDF to BANAK...
2025-10-22 14:16:53,123 - INFO - ‚úÖ PDF printed successfully using SumatraPDF to BANAK
2025-10-22 14:16:53,124 - INFO - ‚úÖ HTML printed successfully via PDF conversion
2025-10-22 14:16:55,128 - INFO - Cleaned up temporary PDF: C:\Users\user\AppData\Local\Temp\tmp1jg33rrv.pdf
2025-10-22 14:16:55,130 - INFO - ‚úÖ Print job completed successfully
2025-10-22 14:17:10,528 - INFO - üñ®Ô∏è Print request received
2025-10-22 14:17:10,529 - INFO -    Type: html
2025-10-22 14:17:10,533 - INFO -    Printer: BANAK
2025-10-22 14:17:10,542 - INFO - Printing to: BANAK (Status: Ready)
2025-10-22 14:17:10,545 - INFO - üìÑ Converting HTML to PDF...
2025-10-22 14:17:10,552 - INFO -    HTML length: 5181 characters
2025-10-22 14:17:10,559 - INFO - Using PDF converter: wkhtmltopdf
2025-10-22 14:17:10,565 - INFO - üîß Attempting wkhtmltopdf conversion...
2025-10-22 14:17:10,571 - WARNING - ‚ö†Ô∏è wkhtmltopdf conversion failed: Exception: pdfkit library not installed
2025-10-22 14:17:10,578 - DEBUG - Traceback:
Traceback (most recent call last):
  File "printer_handler.py", line 1128, in _convert_html_to_pdf_wkhtmltopdf
ModuleNotFoundError: No module named 'pdfkit'

During handling of the above exception, another exception occurred:

Traceback (most recent call last):
  File "printer_handler.py", line 405, in _convert_html_to_pdf
  File "printer_handler.py", line 1281, in _convert_html_to_pdf_wkhtmltopdf
Exception: pdfkit library not installed

2025-10-22 14:17:10,584 - INFO - üîÑ Falling back to ReportLab renderer...
2025-10-22 14:17:10,589 - INFO - üìä Using optimized table-based receipt renderer
2025-10-22 14:17:10,593 - INFO - Parsed 32 CSS rules (classes + tags)
2025-10-22 14:17:10,595 - INFO -   CSS 'title1': {'font-size': '14px', 'text-align': 'center', 'font-weight': 'bold'}
2025-10-22 14:17:10,601 - INFO -   CSS 'tds-footer': {'font-size': '11px', 'font-weight': 'bold', 'text-align': 'center', 'width': '100%', 'margin': '0'}
2025-10-22 14:17:10,606 - INFO -   CSS 'columnsSkontrino': {'font-weight': '500', 'font-size': '11px', 'color': '#000'}
2025-10-22 14:17:10,611 - INFO -   CSS 'columnsPershkrim': {'font-weight': '600', 'font-size': '11px', 'color': '#000'}
2025-10-22 14:17:10,617 - INFO -   CSS 'columnsTotal': {'padding-top': '20px', 'font-size': '14px', 'color': '#000'}
2025-10-22 14:17:10,625 - INFO -   CSS 'tfoot': {'text-align': 'center'}
2025-10-22 14:17:10,630 - INFO -   CSS 'center-text': {'text-align': 'center'}
2025-10-22 14:17:10,636 - INFO - Using font scale: 0.95 (95%)
2025-10-22 14:17:10,647 - INFO - Receipt PDF created successfully: C:\Users\user\AppData\Local\Temp\tmpaoriv4o3.pdf
2025-10-22 14:17:10,657 - INFO - ‚úÖ PDF created: C:\Users\user\AppData\Local\Temp\tmpaoriv4o3.pdf (2343 bytes)
2025-10-22 14:17:10,661 - INFO - üñ®Ô∏è Printing PDF to BANAK...
2025-10-22 14:17:10,665 - INFO - üîç Searching for SumatraPDF.exe...
2025-10-22 14:17:10,670 - DEBUG -    Checking: C:\Users\user\Desktop\ParidBackend\PrinterClientPro\Windows-Printer-Client\dist\SumatraPDF.exe
2025-10-22 14:17:10,674 - INFO - ‚úÖ Found SumatraPDF at: C:\Users\user\Desktop\ParidBackend\PrinterClientPro\Windows-Printer-Client\dist\SumatraPDF.exe
2025-10-22 14:17:10,680 - INFO - üñ®Ô∏è Using SumatraPDF to print PDF to BANAK...
2025-10-22 14:17:11,007 - INFO - ‚úÖ PDF printed successfully using SumatraPDF to BANAK
2025-10-22 14:17:11,007 - INFO - ‚úÖ HTML printed successfully via PDF conversion
2025-10-22 14:17:13,012 - INFO - Cleaned up temporary PDF: C:\Users\user\AppData\Local\Temp\tmpaoriv4o3.pdf
2025-10-22 14:17:13,013 - INFO - ‚úÖ Print job completed successfully
2025-10-22 14:17:23,223 - INFO - üìÑ PDF converter selected: reportlab
2025-10-22 14:17:23,975 - INFO - üíæ Configuration saved to: C:\Users\user\Desktop\ParidBackend\PrinterClientPro\Windows-Printer-Client\dist\.env
2025-10-22 14:17:26,094 - INFO - üìÑ PDF converter selected: wkhtmltopdf
2025-10-22 14:17:26,578 - INFO - üíæ Configuration saved to: C:\Users\user\Desktop\ParidBackend\PrinterClientPro\Windows-Printer-Client\dist\.env
2025-10-22 14:17:31,768 - INFO - üñ®Ô∏è Print request received
2025-10-22 14:17:31,770 - INFO -    Type: html
2025-10-22 14:17:31,776 - INFO -    Printer: BANAK
2025-10-22 14:17:31,787 - INFO - Printing to: BANAK (Status: Ready)
2025-10-22 14:17:31,794 - INFO - üìÑ Converting HTML to PDF...
2025-10-22 14:17:31,802 - INFO -    HTML length: 4968 characters
2025-10-22 14:17:31,812 - INFO - Using PDF converter: wkhtmltopdf
2025-10-22 14:17:31,817 - INFO - üîß Attempting wkhtmltopdf conversion...
2025-10-22 14:17:31,827 - WARNING - ‚ö†Ô∏è wkhtmltopdf conversion failed: Exception: pdfkit library not installed
2025-10-22 14:17:31,835 - DEBUG - Traceback:
Traceback (most recent call last):
  File "printer_handler.py", line 1128, in _convert_html_to_pdf_wkhtmltopdf
ModuleNotFoundError: No module named 'pdfkit'

During handling of the above exception, another exception occurred:

Traceback (most recent call last):
  File "printer_handler.py", line 405, in _convert_html_to_pdf
  File "printer_handler.py", line 1281, in _convert_html_to_pdf_wkhtmltopdf
Exception: pdfkit library not installed

2025-10-22 14:17:31,846 - INFO - üîÑ Falling back to ReportLab renderer...
2025-10-22 14:17:31,852 - INFO - üìä Using optimized table-based receipt renderer
2025-10-22 14:17:31,863 - INFO - Parsed 32 CSS rules (classes + tags)
2025-10-22 14:17:31,865 - INFO -   CSS 'title1': {'font-size': '14px', 'text-align': 'center', 'font-weight': 'bold'}
2025-10-22 14:17:31,873 - INFO -   CSS 'tds-footer': {'font-size': '11px', 'font-weight': 'bold', 'text-align': 'center', 'width': '100%', 'margin': '0'}
2025-10-22 14:17:31,879 - INFO -   CSS 'columnsSkontrino': {'font-weight': '500', 'font-size': '11px', 'color': '#000'}
2025-10-22 14:17:31,912 - INFO -   CSS 'columnsPershkrim': {'font-weight': '600', 'font-size': '11px', 'color': '#000'}
2025-10-22 14:17:31,918 - INFO -   CSS 'columnsTotal': {'padding-top': '20px', 'font-size': '14px', 'color': '#000'}
2025-10-22 14:17:31,927 - INFO -   CSS 'tfoot': {'text-align': 'center'}
2025-10-22 14:17:31,934 - INFO -   CSS 'center-text': {'text-align': 'center'}
2025-10-22 14:17:31,944 - INFO - Using font scale: 0.95 (95%)
2025-10-22 14:17:31,956 - INFO - Receipt PDF created successfully: C:\Users\user\AppData\Local\Temp\tmps1lme7g7.pdf
2025-10-22 14:17:31,966 - INFO - ‚úÖ PDF created: C:\Users\user\AppData\Local\Temp\tmps1lme7g7.pdf (2289 bytes)
2025-10-22 14:17:31,970 - INFO - üñ®Ô∏è Printing PDF to BANAK...
2025-10-22 14:17:31,977 - INFO - üîç Searching for SumatraPDF.exe...
2025-10-22 14:17:31,983 - DEBUG -    Checking: C:\Users\user\Desktop\ParidBackend\PrinterClientPro\Windows-Printer-Client\dist\SumatraPDF.exe
2025-10-22 14:17:31,993 - INFO - ‚úÖ Found SumatraPDF at: C:\Users\user\Desktop\ParidBackend\PrinterClientPro\Windows-Printer-Client\dist\SumatraPDF.exe
2025-10-22 14:17:31,998 - INFO - üñ®Ô∏è Using SumatraPDF to print PDF to BANAK...
2025-10-22 14:17:32,315 - INFO - ‚úÖ PDF printed successfully using SumatraPDF to BANAK
2025-10-22 14:17:32,316 - INFO - ‚úÖ HTML printed successfully via PDF conversion
2025-10-22 14:17:34,322 - INFO - Cleaned up temporary PDF: C:\Users\user\AppData\Local\Temp\tmps1lme7g7.pdf
2025-10-22 14:17:34,322 - INFO - ‚úÖ Print job completed successfully
2025-10-22 14:17:43,109 - INFO - üóëÔ∏è Log cleared
2025-10-22 14:18:31,945 - INFO - Cleared 1 items from queue
2025-10-22 14:18:31,945 - INFO - üóëÔ∏è Queue cleared
2025-10-22 14:19:39,373 - WARNING - ‚ö†Ô∏è Disconnected from server
2025-10-22 14:19:40,852 - INFO - üì® Status: Printer client connected and joined room
2025-10-22 14:19:40,853 - INFO - ‚úÖ Successfully connected to Backend-Socket server
2025-10-22 14:20:44,748 - INFO - üìÑ PDF converter selected: reportlab
2025-10-22 14:20:45,340 - INFO - üíæ Configuration saved to: C:\Users\user\Desktop\ParidBackend\PrinterClientPro\Windows-Printer-Client\dist\.env
2025-10-22 14:20:53,910 - INFO - üñ®Ô∏è Print request received
2025-10-22 14:20:53,911 - INFO -    Type: html
2025-10-22 14:20:53,916 - INFO -    Printer: BANAK
2025-10-22 14:20:53,924 - INFO - Printing to: BANAK (Status: Ready)
2025-10-22 14:20:53,927 - INFO - üìÑ Converting HTML to PDF...
2025-10-22 14:20:53,934 - INFO -    HTML length: 4480 characters
2025-10-22 14:20:53,941 - INFO - Using PDF converter: reportlab
2025-10-22 14:20:53,943 - INFO - Using optimized table-based receipt renderer
2025-10-22 14:20:53,952 - INFO - Parsed 32 CSS rules (classes + tags)
2025-10-22 14:20:53,957 - INFO -   CSS 'title1': {'font-size': '14px', 'text-align': 'center', 'font-weight': 'bold'}
2025-10-22 14:20:53,958 - INFO -   CSS 'tds-footer': {'font-size': '11px', 'font-weight': 'bold', 'text-align': 'center', 'width': '100%', 'margin': '0'}
2025-10-22 14:20:53,959 - INFO -   CSS 'columnsSkontrino': {'font-weight': '500', 'font-size': '11px', 'color': '#000'}
2025-10-22 14:20:53,961 - INFO -   CSS 'columnsPershkrim': {'font-weight': '600', 'font-size': '11px', 'color': '#000'}
2025-10-22 14:20:53,963 - INFO -   CSS 'columnsTotal': {'padding-top': '20px', 'font-size': '14px', 'color': '#000'}
2025-10-22 14:20:53,964 - INFO -   CSS 'tfoot': {'text-align': 'center'}
2025-10-22 14:20:53,966 - INFO -   CSS 'center-text': {'text-align': 'center'}
2025-10-22 14:20:53,969 - INFO - Using font scale: 0.95 (95%)
2025-10-22 14:20:53,975 - INFO - Receipt PDF created successfully: C:\Users\user\AppData\Local\Temp\tmpxzvsgjy2.pdf
2025-10-22 14:20:53,984 - INFO - ‚úÖ PDF created: C:\Users\user\AppData\Local\Temp\tmpxzvsgjy2.pdf (1910 bytes)
2025-10-22 14:20:53,997 - INFO - üñ®Ô∏è Printing PDF to BANAK...
2025-10-22 14:20:54,008 - INFO - üîç Searching for SumatraPDF.exe...
2025-10-22 14:20:54,023 - DEBUG -    Checking: C:\Users\user\Desktop\ParidBackend\PrinterClientPro\Windows-Printer-Client\dist\SumatraPDF.exe
2025-10-22 14:20:54,025 - INFO - ‚úÖ Found SumatraPDF at: C:\Users\user\Desktop\ParidBackend\PrinterClientPro\Windows-Printer-Client\dist\SumatraPDF.exe
2025-10-22 14:20:54,028 - INFO - üñ®Ô∏è Using SumatraPDF to print PDF to BANAK...
2025-10-22 14:20:54,430 - INFO - ‚úÖ PDF printed successfully using SumatraPDF to BANAK
2025-10-22 14:20:54,431 - INFO - ‚úÖ HTML printed successfully via PDF conversion
2025-10-22 14:20:56,447 - INFO - Cleaned up temporary PDF: C:\Users\user\AppData\Local\Temp\tmpxzvsgjy2.pdf
2025-10-22 14:20:56,448 - INFO - ‚úÖ Print job completed successfully
2025-10-22 14:21:09,224 - INFO - üñ®Ô∏è Print request received
2025-10-22 14:21:09,225 - INFO -    Type: html
2025-10-22 14:21:09,229 - INFO -    Printer: BANAK
2025-10-22 14:21:09,239 - INFO - Printing to: BANAK (Status: Ready)
2025-10-22 14:21:09,245 - INFO - üìÑ Converting HTML to PDF...
2025-10-22 14:21:09,251 - INFO -    HTML length: 4480 characters
2025-10-22 14:21:09,258 - INFO - Using PDF converter: reportlab
2025-10-22 14:21:09,264 - INFO - Using optimized table-based receipt renderer
2025-10-22 14:21:09,273 - INFO - Parsed 32 CSS rules (classes + tags)
2025-10-22 14:21:09,275 - INFO -   CSS 'title1': {'font-size': '14px', 'text-align': 'center', 'font-weight': 'bold'}
2025-10-22 14:21:09,280 - INFO -   CSS 'tds-footer': {'font-size': '11px', 'font-weight': 'bold', 'text-align': 'center', 'width': '100%', 'margin': '0'}
2025-10-22 14:21:09,285 - INFO -   CSS 'columnsSkontrino': {'font-weight': '500', 'font-size': '11px', 'color': '#000'}
2025-10-22 14:21:09,291 - INFO -   CSS 'columnsPershkrim': {'font-weight': '600', 'font-size': '11px', 'color': '#000'}
2025-10-22 14:21:09,295 - INFO -   CSS 'columnsTotal': {'padding-top': '20px', 'font-size': '14px', 'color': '#000'}
2025-10-22 14:21:09,301 - INFO -   CSS 'tfoot': {'text-align': 'center'}
2025-10-22 14:21:09,306 - INFO -   CSS 'center-text': {'text-align': 'center'}
2025-10-22 14:21:09,312 - INFO - Using font scale: 0.95 (95%)
2025-10-22 14:21:09,321 - INFO - Receipt PDF created successfully: C:\Users\user\AppData\Local\Temp\tmpaof0wxpf.pdf
2025-10-22 14:21:09,324 - INFO - ‚úÖ PDF created: C:\Users\user\AppData\Local\Temp\tmpaof0wxpf.pdf (1910 bytes)
2025-10-22 14:21:09,328 - INFO - üñ®Ô∏è Printing PDF to BANAK...
2025-10-22 14:21:09,335 - INFO - üîç Searching for SumatraPDF.exe...
2025-10-22 14:21:09,342 - DEBUG -    Checking: C:\Users\user\Desktop\ParidBackend\PrinterClientPro\Windows-Printer-Client\dist\SumatraPDF.exe
2025-10-22 14:21:09,348 - INFO - ‚úÖ Found SumatraPDF at: C:\Users\user\Desktop\ParidBackend\PrinterClientPro\Windows-Printer-Client\dist\SumatraPDF.exe
2025-10-22 14:21:09,356 - INFO - üñ®Ô∏è Using SumatraPDF to print PDF to BANAK...
2025-10-22 14:21:09,662 - INFO - ‚úÖ PDF printed successfully using SumatraPDF to BANAK
2025-10-22 14:21:09,663 - INFO - ‚úÖ HTML printed successfully via PDF conversion
2025-10-22 14:21:11,681 - INFO - Cleaned up temporary PDF: C:\Users\user\AppData\Local\Temp\tmpaof0wxpf.pdf
2025-10-22 14:21:11,682 - INFO - ‚úÖ Print job completed successfully
2025-10-22 14:21:27,152 - INFO - üñ®Ô∏è Print request received
2025-10-22 14:21:27,152 - INFO -    Type: html
2025-10-22 14:21:27,160 - INFO -    Printer: BANAK
2025-10-22 14:21:27,169 - INFO - Printing to: BANAK (Status: Ready)
2025-10-22 14:21:27,173 - INFO - üìÑ Converting HTML to PDF...
2025-10-22 14:21:27,180 - INFO -    HTML length: 4539 characters
2025-10-22 14:21:27,194 - INFO - Using PDF converter: reportlab
2025-10-22 14:21:27,196 - INFO - Using optimized table-based receipt renderer
2025-10-22 14:21:27,204 - INFO - Parsed 32 CSS rules (classes + tags)
2025-10-22 14:21:27,207 - INFO -   CSS 'title1': {'font-size': '14px', 'text-align': 'center', 'font-weight': 'bold'}
2025-10-22 14:21:27,212 - INFO -   CSS 'tds-footer': {'font-size': '11px', 'font-weight': 'bold', 'text-align': 'center', 'width': '100%', 'margin': '0'}
2025-10-22 14:21:27,217 - INFO -   CSS 'columnsSkontrino': {'font-weight': '500', 'font-size': '11px', 'color': '#000'}
2025-10-22 14:21:27,222 - INFO -   CSS 'columnsPershkrim': {'font-weight': '600', 'font-size': '11px', 'color': '#000'}
2025-10-22 14:21:27,228 - INFO -   CSS 'columnsTotal': {'padding-top': '20px', 'font-size': '14px', 'color': '#000'}
2025-10-22 14:21:27,233 - INFO -   CSS 'tfoot': {'text-align': 'center'}
2025-10-22 14:21:27,238 - INFO -   CSS 'center-text': {'text-align': 'center'}
2025-10-22 14:21:27,245 - INFO - Using font scale: 0.95 (95%)
2025-10-22 14:21:27,252 - INFO - Receipt PDF created successfully: C:\Users\user\AppData\Local\Temp\tmpd9_ur9uh.pdf
2025-10-22 14:21:27,253 - INFO - ‚úÖ PDF created: C:\Users\user\AppData\Local\Temp\tmpd9_ur9uh.pdf (1928 bytes)
2025-10-22 14:21:27,258 - INFO - üñ®Ô∏è Printing PDF to BANAK...
2025-10-22 14:21:27,264 - INFO - üîç Searching for SumatraPDF.exe...
2025-10-22 14:21:27,270 - DEBUG -    Checking: C:\Users\user\Desktop\ParidBackend\PrinterClientPro\Windows-Printer-Client\dist\SumatraPDF.exe
2025-10-22 14:21:27,275 - INFO - ‚úÖ Found SumatraPDF at: C:\Users\user\Desktop\ParidBackend\PrinterClientPro\Windows-Printer-Client\dist\SumatraPDF.exe
2025-10-22 14:21:27,281 - INFO - üñ®Ô∏è Using SumatraPDF to print PDF to BANAK...
2025-10-22 14:21:27,595 - INFO - ‚úÖ PDF printed successfully using SumatraPDF to BANAK
2025-10-22 14:21:27,596 - INFO - ‚úÖ HTML printed successfully via PDF conversion
2025-10-22 14:21:29,602 - INFO - Cleaned up temporary PDF: C:\Users\user\AppData\Local\Temp\tmpd9_ur9uh.pdf
2025-10-22 14:21:29,602 - INFO - ‚úÖ Print job completed successfully
2025-10-22 14:23:34,666 - WARNING - ‚ö†Ô∏è Disconnected from server
2025-10-22 14:23:36,284 - INFO - üì® Status: Printer client connected and joined room
2025-10-22 14:23:36,285 - INFO - ‚úÖ Successfully connected to Backend-Socket server
2025-10-22 14:25:41,290 - WARNING - ‚ö†Ô∏è Disconnected from server
2025-10-22 14:25:42,258 - INFO - üì® Status: Printer client connected and joined room
2025-10-22 14:25:42,259 - INFO - ‚úÖ Successfully connected to Backend-Socket server
